{"logTime": "1125/191552", "correlationVector":"C22FdAYpC0VM5w2O5nKNei","action":"Initial GetUpdates", "result":"", "context":Reason: NEWLY_SUPPORTED_DATATYPE. cV=C22FdAYpC0VM5w2O5nKNei}
{"logTime": "1125/191553", "correlationVector":"C22FdAYpC0VM5w2O5nKNei.1","action":"SyncServerConnectionManagerRequest", "result":"SYNC_SERVER_OK", "context":{"environment":"Prod_EastUS2_000e", "migrationStage":"NotStarted", "server":"GENERAL0100002H"}}
{"logTime": "1125/191553", "correlationVector":"C22FdAYpC0VM5w2O5nKNei.2","action":"GetUpdates Response", "result":"Success", "context":Received 20 update(s). cV=C22FdAYpC0VM5w2O5nKNei.0;server=GENERAL0100002H;cloudType=Consumer;environment=Prod_EastUS2_000e;migrationStage=NotStarted}
{"logTime": "1125/191553", "correlationVector":"bveTNC4dHNYFNEv4EWj1el","action":"Normal GetUpdate request", "result":"", "context":cV=bveTNC4dHNYFNEv4EWj1el
Nudged types: Sessions, Device Info
Refresh requested types: Bookmarks, Preferences, Passwords, Autofill Profiles, Autofill, Typed URLs, Extensions, Sessions, Extension settings, History Delete Directives, Device Info, User Consents, Send Tab To Self, Web Apps, Collection, Edge E Drop, Edge Hub App Usage, Edge Tab Group, Edge Wallet, Encryption Keys}
{"logTime": "1125/191554", "correlationVector":"bveTNC4dHNYFNEv4EWj1el.1","action":"SyncServerConnectionManagerRequest", "result":"SYNC_SERVER_OK", "context":{"environment":"Prod_EastUS2_000e", "migrationStage":"NotStarted", "server":"GENERAL0100000V"}}
{"logTime": "1125/191554", "correlationVector":"bveTNC4dHNYFNEv4EWj1el.2","action":"GetUpdates Response", "result":"Success", "context":Received 2 update(s). cV=bveTNC4dHNYFNEv4EWj1el.0;server=GENERAL0100000V;cloudType=Consumer;environment=Prod_EastUS2_000e;migrationStage=NotStarted}
{"logTime": "1125/191554", "correlationVector":"mzgS6vTzRsRSvgROIV+k0Q","action":"Commit Request", "result":"", "context":Item count: 4
Contributing types: Sessions, Device Info}
{"logTime": "1125/191555", "correlationVector":"mzgS6vTzRsRSvgROIV+k0Q.1","action":"SyncServerConnectionManagerRequest", "result":"SYNC_SERVER_OK", "context":{"environment":"Prod_EastUS2_000e", "migrationStage":"NotStarted", "server":"GENERAL01000010"}}
{"logTime": "1125/191555", "correlationVector":"mzgS6vTzRsRSvgROIV+k0Q.3","action":"Commit.Sessions", "result":"Success", "context":{"id":"314a8ea9-c9b7-488c-9d93-4283f5891c4f", "isDeleted":"true", "size":"0", "version":"1732560791936"}}
{"logTime": "1125/191555", "correlationVector":"mzgS6vTzRsRSvgROIV+k0Q.2","action":"Commit Response", "result":"Success", "context":Result: Success. cV=mzgS6vTzRsRSvgROIV+k0Q.0;server=GENERAL01000010;cloudType=Consumer;environment=Prod_EastUS2_000e;migrationStage=NotStarted}
{"logTime": "1125/191634", "correlationVector":"JvRc2OTR2vi+OAWuBDI2iY","action":"Commit Request", "result":"", "context":Item count: 1
Contributing types: Sessions}
{"logTime": "1125/191646", "correlationVector":"JvRc2OTR2vi+OAWuBDI2iY.1","action":"SyncServerConnectionManagerRequest", "result":"SYNC_SERVER_OK", "context":{"environment":"Prod_EastUS2_000e", "migrationStage":"NotStarted", "server":"GENERAL01000024"}}
{"logTime": "1125/191646", "correlationVector":"JvRc2OTR2vi+OAWuBDI2iY.2","action":"Commit Response", "result":"Success", "context":Result: Success. cV=JvRc2OTR2vi+OAWuBDI2iY.0;server=GENERAL01000024;cloudType=Consumer;environment=Prod_EastUS2_000e;migrationStage=NotStarted}
{"logTime": "1125/191721", "correlationVector":"blV7TZZUnDMm3XFY0E9M/u","action":"Commit Request", "result":"", "context":Item count: 2
Contributing types: Sessions, Device Info}
{"logTime": "1125/191722", "correlationVector":"blV7TZZUnDMm3XFY0E9M/u.1","action":"SyncServerConnectionManagerRequest", "result":"SYNC_SERVER_OK", "context":{"environment":"Prod_EastUS2_000e", "migrationStage":"NotStarted", "server":"GENERAL0100002Q"}}
{"logTime": "1125/191722", "correlationVector":"blV7TZZUnDMm3XFY0E9M/u.2","action":"Commit Response", "result":"Success", "context":Result: Success. cV=blV7TZZUnDMm3XFY0E9M/u.0;server=GENERAL0100002Q;cloudType=Consumer;environment=Prod_EastUS2_000e;migrationStage=NotStarted}
{"logTime": "1125/191722", "correlationVector":"TFTFlTzHydi3nO2jo4xJr+","action":"Normal GetUpdate request", "result":"", "context":cV=TFTFlTzHydi3nO2jo4xJr+
Notified types: Device Info}
{"logTime": "1125/191723", "correlationVector":"TFTFlTzHydi3nO2jo4xJr+.1","action":"SyncServerConnectionManagerRequest", "result":"SYNC_SERVER_OK", "context":{"environment":"Prod_EastUS2_000e", "migrationStage":"NotStarted", "server":"GENERAL0100001J"}}
{"logTime": "1125/191723", "correlationVector":"TFTFlTzHydi3nO2jo4xJr+.2","action":"GetUpdates", "result":"DeleteReceived", "context":{"id":"314a8ea9-c9b7-488c-9d93-4283f5891c4f", "isDeleted:":"true", "version":"1732562154698"}}
{"logTime": "1125/191723", "correlationVector":"TFTFlTzHydi3nO2jo4xJr+.3","action":"GetUpdates Response", "result":"Success", "context":Received 6 update(s). cV=TFTFlTzHydi3nO2jo4xJr+.0;server=GENERAL0100001J;cloudType=Consumer;environment=Prod_EastUS2_000e;migrationStage=NotStarted}
{"logTime": "1125/191951", "correlationVector":"I4ygJktB5ns/+oieqfbXZ3","action":"Commit Request", "result":"", "context":Item count: 1
Contributing types: Device Info}
{"logTime": "1125/191952", "correlationVector":"I4ygJktB5ns/+oieqfbXZ3.1","action":"SyncServerConnectionManagerRequest", "result":"SYNC_SERVER_OK", "context":{"environment":"Prod_EastUS2_000e", "migrationStage":"NotStarted", "server":"GENERAL01000029"}}
{"logTime": "1125/191952", "correlationVector":"I4ygJktB5ns/+oieqfbXZ3.2","action":"Commit Response", "result":"Success", "context":Result: Success. cV=I4ygJktB5ns/+oieqfbXZ3.0;server=GENERAL01000029;cloudType=Consumer;environment=Prod_EastUS2_000e;migrationStage=NotStarted}
{"logTime": "1125/191953", "correlationVector":"4YwDFeOUF+mEAo2b1yuasR","action":"Normal GetUpdate request", "result":"", "context":cV=4YwDFeOUF+mEAo2b1yuasR
Notified types: Device Info}
{"logTime": "1125/191953", "correlationVector":"4YwDFeOUF+mEAo2b1yuasR.1","action":"SyncServerConnectionManagerRequest", "result":"SYNC_SERVER_OK", "context":{"environment":"Prod_EastUS2_000e", "migrationStage":"NotStarted", "server":"GENERAL0100001B"}}
{"logTime": "1125/191953", "correlationVector":"4YwDFeOUF+mEAo2b1yuasR.2","action":"GetUpdates", "result":"DeleteReceived", "context":{"id":"3843435a-6f00-419d-9c68-8b5a22dc9955", "isDeleted:":"true", "version":"1732562280595"}}
{"logTime": "1125/191953", "correlationVector":"4YwDFeOUF+mEAo2b1yuasR.3","action":"GetUpdates Response", "result":"Success", "context":Received 4 update(s). cV=4YwDFeOUF+mEAo2b1yuasR.0;server=GENERAL0100001B;cloudType=Consumer;environment=Prod_EastUS2_000e;migrationStage=NotStarted}
{"logTime": "1125/192045", "correlationVector":"bCskIUP0zpe2v3zERLbfoi","action":"Normal GetUpdate request", "result":"", "context":cV=bCskIUP0zpe2v3zERLbfoi
Nudged types: Sessions
Refresh requested types: Bookmarks, Preferences, Passwords, Autofill Profiles, Autofill, Typed URLs, Extensions, Sessions, Extension settings, History Delete Directives, Device Info, User Consents, Send Tab To Self, Web Apps, Collection, Edge E Drop, Edge Hub App Usage, Edge Tab Group, Edge Wallet, Encryption Keys}
{"logTime": "1125/192046", "correlationVector":"bCskIUP0zpe2v3zERLbfoi.1","action":"SyncServerConnectionManagerRequest", "result":"SYNC_SERVER_OK", "context":{"environment":"Prod_NorthCentralUS_000g", "migrationStage":"NotStarted", "server":"GENERAL0100000Q"}}
{"logTime": "1125/192046", "correlationVector":"bCskIUP0zpe2v3zERLbfoi.2","action":"GetUpdates Response", "result":"Success", "context":Received 1 update(s). cV=bCskIUP0zpe2v3zERLbfoi.0;server=GENERAL0100000Q;cloudType=Consumer;environment=Prod_NorthCentralUS_000g;migrationStage=NotStarted}
{"logTime": "1125/192046", "correlationVector":"JslTBUW0dK66dMtatigq8+","action":"DoCompareDataConsistency requsted types: ", "result":"Bookmarks, Preferences, Passwords, Typed URLs, Extensions, Extension settings, History Delete Directives, Send Tab To Self, Web Apps, Collection, Edge E Drop, Edge Tab Group, Edge Wallet, Encryption Keys"}
{"logTime": "1125/192046", "correlationVector":"JslTBUW0dK66dMtatigq8+.0","action":"CompareDataConsistency result: ", "result":"Compare result: Encryption Keys is consistent. local entities count is: 1 local entities hash is: ZOSkhajK5Gk6qT5cRAb0RK+CuJE="}
{"logTime": "1125/192046", "correlationVector":"JslTBUW0dK66dMtatigq8+.1","action":"CompareDataConsistency result: ", "result":"Compare result: Bookmarks is consistent. local entities count is: 8 local entities hash is: 7CsIVaD7duxI+4IEsUw3bISZ3qA="}
{"logTime": "1125/192046", "correlationVector":"JslTBUW0dK66dMtatigq8+.2","action":"CompareDataConsistency result: ", "result":"Compare result: Preferences is consistent. local entities count is: 63 local entities hash is: 5N9gDnY1HZsZ9lAmJgGH26pgQ5k="}
{"logTime": "1125/192046", "correlationVector":"JslTBUW0dK66dMtatigq8+.3","action":"CompareDataConsistency result: ", "result":"Server did not send this Typed URLs local entities count is: 139 local entities hash is: 674zR3ffN1gPOMH7oyzDB0tWCok="}
{"logTime": "1125/192046", "correlationVector":"JslTBUW0dK66dMtatigq8+.4","action":"CompareDataConsistency result: ", "result":"Compare result: Extensions is consistent. local entities count is: 0 local entities hash is: "}
{"logTime": "1125/192046", "correlationVector":"JslTBUW0dK66dMtatigq8+.5","action":"CompareDataConsistency result: ", "result":"Compare result: Extension settings is consistent. local entities count is: 0 local entities hash is: "}
{"logTime": "1125/192046", "correlationVector":"JslTBUW0dK66dMtatigq8+.6","action":"CompareDataConsistency result: ", "result":"Compare result: History Delete Directives is consistent. local entities count is: 0 local entities hash is: "}
{"logTime": "1125/192046", "correlationVector":"JslTBUW0dK66dMtatigq8+.7","action":"CompareDataConsistency result: ", "result":"Server did not send this Send Tab To Self local entities count is: 0 local entities hash is: "}
{"logTime": "1125/192046", "correlationVector":"JslTBUW0dK66dMtatigq8+.8","action":"CompareDataConsistency result: ", "result":"Compare result: Web Apps is consistent. local entities count is: 0 local entities hash is: "}
{"logTime": "1125/192046", "correlationVector":"JslTBUW0dK66dMtatigq8+.9","action":"CompareDataConsistency result: ", "result":"Compare result: Collection is consistent. local entities count is: 0 local entities hash is: "}
{"logTime": "1125/192046", "correlationVector":"JslTBUW0dK66dMtatigq8+.10","action":"CompareDataConsistency result: ", "result":"Compare result: Edge E Drop is consistent. local entities count is: 0 local entities hash is: "}
{"logTime": "1125/192046", "correlationVector":"JslTBUW0dK66dMtatigq8+.11","action":"CompareDataConsistency result: ", "result":"Compare result: Edge Tab Group is consistent. local entities count is: 5 local entities hash is: 2pqF5kpwnUGAAOaZvUOKdP2AVO8="}
{"logTime": "1125/192046", "correlationVector":"JslTBUW0dK66dMtatigq8+.12","action":"CompareDataConsistency result: ", "result":"Compare result: Edge Wallet is consistent. local entities count is: 0 local entities hash is: "}
{"logTime": "1125/192046", "correlationVector":"JslTBUW0dK66dMtatigq8+.13","action":"CompareDataConsistency result: ", "result":"Compare result: Passwords is consistent. local entities count is: 20 local entities hash is: Bh892KEjAwjq+GFc34xlz+UlX0Q="}
{"logTime": "1125/192046", "correlationVector":"FFKb+FvcFrqOkJA1NadB1c","action":"Commit Request", "result":"", "context":Item count: 1
Contributing types: Sessions}
{"logTime": "1125/192046", "correlationVector":"FFKb+FvcFrqOkJA1NadB1c.1","action":"SyncServerConnectionManagerRequest", "result":"SYNC_SERVER_OK", "context":{"environment":"Prod_NorthCentralUS_000g", "migrationStage":"NotStarted", "server":"GENERAL01000008"}}
{"logTime": "1125/192046", "correlationVector":"FFKb+FvcFrqOkJA1NadB1c.2","action":"Commit Response", "result":"Success", "context":Result: Success. cV=FFKb+FvcFrqOkJA1NadB1c.0;server=GENERAL01000008;cloudType=Consumer;environment=Prod_NorthCentralUS_000g;migrationStage=NotStarted}
{"logTime": "1125/192046", "correlationVector":"","action":"DIAGNOSTIC_REQUEST|v1/diagnosticData/Diagnostic.SendCheckResult()|SUCCESS", "result":""}
{"logTime": "1125/192254", "correlationVector":"hBGBEjhYi8+EjgMy1nbq+3","action":"Commit Request", "result":"", "context":Item count: 1
Contributing types: Device Info}
{"logTime": "1125/192255", "correlationVector":"hBGBEjhYi8+EjgMy1nbq+3.1","action":"SyncServerConnectionManagerRequest", "result":"SYNC_SERVER_OK", "context":{"environment":"Prod_EastUS2_000e", "migrationStage":"NotStarted", "server":"GENERAL0100000D"}}
{"logTime": "1125/192255", "correlationVector":"hBGBEjhYi8+EjgMy1nbq+3.2","action":"Commit Response", "result":"Success", "context":Result: Success. cV=hBGBEjhYi8+EjgMy1nbq+3.0;server=GENERAL0100000D;cloudType=Consumer;environment=Prod_EastUS2_000e;migrationStage=NotStarted}
{"logTime": "1125/192256", "correlationVector":"wlMRVAweeYr78OKb8NKJHz","action":"Normal GetUpdate request", "result":"", "context":cV=wlMRVAweeYr78OKb8NKJHz
Notified types: Device Info}
{"logTime": "1125/192256", "correlationVector":"wlMRVAweeYr78OKb8NKJHz.1","action":"SyncServerConnectionManagerRequest", "result":"SYNC_SERVER_OK", "context":{"environment":"Prod_EastUS2_000e", "migrationStage":"NotStarted", "server":"GENERAL0100002Q"}}
{"logTime": "1125/192256", "correlationVector":"wlMRVAweeYr78OKb8NKJHz.2","action":"GetUpdates", "result":"DeleteReceived", "context":{"id":"1b81b9ad-4061-437a-9608-b0f488769692", "isDeleted:":"true", "version":"1732562545869"}}
{"logTime": "1125/192256", "correlationVector":"wlMRVAweeYr78OKb8NKJHz.3","action":"GetUpdates Response", "result":"Success", "context":Received 4 update(s). cV=wlMRVAweeYr78OKb8NKJHz.0;server=GENERAL0100002Q;cloudType=Consumer;environment=Prod_EastUS2_000e;migrationStage=NotStarted}
{"logTime": "1125/192344", "correlationVector":"USmrFMyGolJ9DRT/1vKsfz","action":"Commit Request", "result":"", "context":Item count: 1
Contributing types: Sessions}
{"logTime": "1125/192344", "correlationVector":"USmrFMyGolJ9DRT/1vKsfz.1","action":"SyncServerConnectionManagerRequest", "result":"SYNC_SERVER_OK", "context":{"environment":"Prod_EastUS2_000e", "migrationStage":"NotStarted", "server":"GENERAL0100000T"}}
{"logTime": "1125/192344", "correlationVector":"USmrFMyGolJ9DRT/1vKsfz.2","action":"Commit Response", "result":"Success", "context":Result: Success. cV=USmrFMyGolJ9DRT/1vKsfz.0;server=GENERAL0100000T;cloudType=Consumer;environment=Prod_EastUS2_000e;migrationStage=NotStarted}
{"logTime": "1125/192418", "correlationVector":"uUXGwhWpf5iGGp676XDu/h","action":"Commit Request", "result":"", "context":Item count: 1
Contributing types: Sessions}
{"logTime": "1125/192418", "correlationVector":"uUXGwhWpf5iGGp676XDu/h.1","action":"SyncServerConnectionManagerRequest", "result":"SYNC_SERVER_OK", "context":{"environment":"Prod_EastUS2_000e", "migrationStage":"NotStarted", "server":"GENERAL01000021"}}
{"logTime": "1125/192418", "correlationVector":"uUXGwhWpf5iGGp676XDu/h.2","action":"Commit Response", "result":"Success", "context":Result: Success. cV=uUXGwhWpf5iGGp676XDu/h.0;server=GENERAL01000021;cloudType=Consumer;environment=Prod_EastUS2_000e;migrationStage=NotStarted}
{"logTime": "1125/192507", "correlationVector":"IUrkIAElLhT5VXlOF69NcO","action":"Commit Request", "result":"", "context":Item count: 1
Contributing types: Sessions}
{"logTime": "1125/192508", "correlationVector":"IUrkIAElLhT5VXlOF69NcO.1","action":"SyncServerConnectionManagerRequest", "result":"SYNC_SERVER_OK", "context":{"environment":"Prod_EastUS2_000e", "migrationStage":"NotStarted", "server":"GENERAL01000018"}}
{"logTime": "1125/192508", "correlationVector":"IUrkIAElLhT5VXlOF69NcO.2","action":"Commit Response", "result":"Success", "context":Result: Success. cV=IUrkIAElLhT5VXlOF69NcO.0;server=GENERAL01000018;cloudType=Consumer;environment=Prod_EastUS2_000e;migrationStage=NotStarted}
{"logTime": "1125/192545", "correlationVector":"+8xbvm38U5qOOzgytafRL+","action":"Normal GetUpdate request", "result":"", "context":cV=+8xbvm38U5qOOzgytafRL+
Refresh requested types: Bookmarks, Preferences, Passwords, Autofill Profiles, Autofill, Typed URLs, Extensions, Sessions, Extension settings, History Delete Directives, Device Info, User Consents, Send Tab To Self, Web Apps, Collection, Edge E Drop, Edge Hub App Usage, Edge Tab Group, Edge Wallet, Encryption Keys}
{"logTime": "1125/192545", "correlationVector":"+8xbvm38U5qOOzgytafRL+.1","action":"SyncServerConnectionManagerRequest", "result":"SYNC_SERVER_OK", "context":{"environment":"Prod_EastUS2_000e", "migrationStage":"NotStarted", "server":"GENERAL0100002K"}}
{"logTime": "1125/192545", "correlationVector":"+8xbvm38U5qOOzgytafRL+.2","action":"GetUpdates", "result":"DeleteReceived", "context":{"id":"f64e42c8-d9ac-4af2-86a6-23601209edf4", "isDeleted:":"true", "version":"1732562682270"}}
{"logTime": "1125/192545", "correlationVector":"+8xbvm38U5qOOzgytafRL+.3","action":"GetUpdates Response", "result":"Success", "context":Received 3 update(s). cV=+8xbvm38U5qOOzgytafRL+.0;server=GENERAL0100002K;cloudType=Consumer;environment=Prod_EastUS2_000e;migrationStage=NotStarted}
{"logTime": "1125/192702", "correlationVector":"hyyxFsA5KyC+xnoIySIj6B","action":"Commit Request", "result":"", "context":Item count: 4
Contributing types: Preferences, Sessions}
{"logTime": "1125/192704", "correlationVector":"hyyxFsA5KyC+xnoIySIj6B.1","action":"SyncServerConnectionManagerRequest", "result":"SYNC_SERVER_OK", "context":{"environment":"Prod_EastUS2_000e", "migrationStage":"NotStarted", "server":"GENERAL0100000K"}}
{"logTime": "1125/192704", "correlationVector":"hyyxFsA5KyC+xnoIySIj6B.2","action":"Commit Response", "result":"Success", "context":Result: Success. cV=hyyxFsA5KyC+xnoIySIj6B.0;server=GENERAL0100000K;cloudType=Consumer;environment=Prod_EastUS2_000e;migrationStage=NotStarted}
{"logTime": "1125/192737", "correlationVector":"kGI3RxifMEx2LRR3BSkmIe","action":"Commit Request", "result":"", "context":Item count: 3
Contributing types: Sessions}
{"logTime": "1125/192738", "correlationVector":"kGI3RxifMEx2LRR3BSkmIe.1","action":"SyncServerConnectionManagerRequest", "result":"SYNC_SERVER_OK", "context":{"environment":"Prod_EastUS2_000e", "migrationStage":"NotStarted", "server":"GENERAL01000009"}}
{"logTime": "1125/192738", "correlationVector":"kGI3RxifMEx2LRR3BSkmIe.3","action":"Commit.Sessions", "result":"Success", "context":{"id":"1e332de1-ea1d-431f-96ff-60971c5c9da3", "isDeleted":"true", "size":"0", "version":"1732562823830"}}
{"logTime": "1125/192738", "correlationVector":"kGI3RxifMEx2LRR3BSkmIe.2","action":"Commit Response", "result":"Success", "context":Result: Success. cV=kGI3RxifMEx2LRR3BSkmIe.0;server=GENERAL01000009;cloudType=Consumer;environment=Prod_EastUS2_000e;migrationStage=NotStarted}
{"logTime": "1125/192744", "correlationVector":"h7hHRdAZyvMy2Kn6ujvFh4","action":"Commit Request", "result":"", "context":Item count: 2
Contributing types: Autofill, Sessions}
{"logTime": "1125/192745", "correlationVector":"h7hHRdAZyvMy2Kn6ujvFh4.1","action":"SyncServerConnectionManagerRequest", "result":"SYNC_SERVER_OK", "context":{"environment":"Prod_EastUS2_000e", "migrationStage":"NotStarted", "server":"GENERAL0100001E"}}
{"logTime": "1125/192745", "correlationVector":"h7hHRdAZyvMy2Kn6ujvFh4.2","action":"Commit Response", "result":"Success", "context":Result: Success. cV=h7hHRdAZyvMy2Kn6ujvFh4.0;server=GENERAL0100001E;cloudType=Consumer;environment=Prod_EastUS2_000e;migrationStage=NotStarted}
{"logTime": "1125/192829", "correlationVector":"G6W+TYk1+DWbScamWeT6PB","action":"Commit Request", "result":"", "context":Item count: 1
Contributing types: Sessions}
{"logTime": "1125/192829", "correlationVector":"G6W+TYk1+DWbScamWeT6PB.1","action":"SyncServerConnectionManagerRequest", "result":"SYNC_SERVER_OK", "context":{"environment":"Prod_EastUS2_000e", "migrationStage":"NotStarted", "server":"GENERAL0100002B"}}
{"logTime": "1125/192829", "correlationVector":"G6W+TYk1+DWbScamWeT6PB.2","action":"Commit Response", "result":"Success", "context":Result: Success. cV=G6W+TYk1+DWbScamWeT6PB.0;server=GENERAL0100002B;cloudType=Consumer;environment=Prod_EastUS2_000e;migrationStage=NotStarted}
{"logTime": "1125/193009", "correlationVector":"74wZgu4AnqFwgcICNSSyfB","action":"Commit Request", "result":"", "context":Item count: 1
Contributing types: Sessions}
{"logTime": "1125/193010", "correlationVector":"74wZgu4AnqFwgcICNSSyfB.1","action":"SyncServerConnectionManagerRequest", "result":"SYNC_SERVER_OK", "context":{"environment":"Prod_EastUS2_000e", "migrationStage":"NotStarted", "server":"GENERAL01000022"}}
{"logTime": "1125/193010", "correlationVector":"74wZgu4AnqFwgcICNSSyfB.2","action":"Commit Response", "result":"Success", "context":Result: Success. cV=74wZgu4AnqFwgcICNSSyfB.0;server=GENERAL01000022;cloudType=Consumer;environment=Prod_EastUS2_000e;migrationStage=NotStarted}
{"logTime": "1125/193040", "correlationVector":"o5qgxs73ogQ0+DoDxTEz6g","action":"Commit Request", "result":"", "context":Item count: 1
Contributing types: Sessions}
{"logTime": "1125/193040", "correlationVector":"o5qgxs73ogQ0+DoDxTEz6g.1","action":"SyncServerConnectionManagerRequest", "result":"SYNC_SERVER_OK", "context":{"environment":"Prod_EastUS2_000e", "migrationStage":"NotStarted", "server":"GENERAL0100002L"}}
{"logTime": "1125/193040", "correlationVector":"o5qgxs73ogQ0+DoDxTEz6g.2","action":"Commit Response", "result":"Success", "context":Result: Success. cV=o5qgxs73ogQ0+DoDxTEz6g.0;server=GENERAL0100002L;cloudType=Consumer;environment=Prod_EastUS2_000e;migrationStage=NotStarted}
{"logTime": "1125/193144", "correlationVector":"fgPFthmNops7bY+ZU6sDv7","action":"Commit Request", "result":"", "context":Item count: 3
Contributing types: Sessions}
{"logTime": "1125/193144", "correlationVector":"fgPFthmNops7bY+ZU6sDv7.1","action":"SyncServerConnectionManagerRequest", "result":"SYNC_SERVER_OK", "context":{"environment":"Prod_EastUS2_000e", "migrationStage":"NotStarted", "server":"GENERAL0100001L"}}
{"logTime": "1125/193144", "correlationVector":"fgPFthmNops7bY+ZU6sDv7.2","action":"Commit Response", "result":"Success", "context":Result: Success. cV=fgPFthmNops7bY+ZU6sDv7.0;server=GENERAL0100001L;cloudType=Consumer;environment=Prod_EastUS2_000e;migrationStage=NotStarted}
{"logTime": "1125/193305", "correlationVector":"+QKUR6TydDnR5aZUUxVZRm","action":"Commit Request", "result":"", "context":Item count: 2
Contributing types: Sessions}
{"logTime": "1125/193306", "correlationVector":"+QKUR6TydDnR5aZUUxVZRm.1","action":"SyncServerConnectionManagerRequest", "result":"SYNC_SERVER_OK", "context":{"environment":"Prod_NorthCentralUS_000g", "migrationStage":"NotStarted", "server":"GENERAL01000013"}}
{"logTime": "1125/193306", "correlationVector":"+QKUR6TydDnR5aZUUxVZRm.3","action":"Commit.Sessions", "result":"Success", "context":{"id":"a1d2b8c2-f87f-4b81-94c8-4390d49f8fc9", "isDeleted":"true", "size":"0", "version":"1732563104681"}}
{"logTime": "1125/193306", "correlationVector":"+QKUR6TydDnR5aZUUxVZRm.2","action":"Commit Response", "result":"Success", "context":Result: Success. cV=+QKUR6TydDnR5aZUUxVZRm.0;server=GENERAL01000013;cloudType=Consumer;environment=Prod_NorthCentralUS_000g;migrationStage=NotStarted}
{"logTime": "1125/193338", "correlationVector":"oKtYNfK0MZT0L7JsHgRZIT","action":"Commit Request", "result":"", "context":Item count: 2
Contributing types: Sessions}
{"logTime": "1125/193339", "correlationVector":"oKtYNfK0MZT0L7JsHgRZIT.1","action":"SyncServerConnectionManagerRequest", "result":"SYNC_SERVER_OK", "context":{"environment":"Prod_EastUS_000w", "migrationStage":"NotStarted", "server":"GENERAL11000021"}}
{"logTime": "1125/193339", "correlationVector":"oKtYNfK0MZT0L7JsHgRZIT.2","action":"Commit Response", "result":"Success", "context":Result: Success. cV=oKtYNfK0MZT0L7JsHgRZIT.0;server=GENERAL11000021;cloudType=Consumer;environment=Prod_EastUS_000w;migrationStage=NotStarted}
{"logTime": "1125/193346", "correlationVector":"/mh/PzQUip+NuQeoueVkEG","action":"Commit Request", "result":"", "context":Item count: 1
Contributing types: Autofill}
{"logTime": "1125/193347", "correlationVector":"/mh/PzQUip+NuQeoueVkEG.1","action":"SyncServerConnectionManagerRequest", "result":"SYNC_SERVER_OK", "context":{"environment":"Prod_EastUS2_000e", "migrationStage":"NotStarted", "server":"GENERAL01000022"}}
{"logTime": "1125/193347", "correlationVector":"/mh/PzQUip+NuQeoueVkEG.2","action":"Commit Response", "result":"Success", "context":Result: Success. cV=/mh/PzQUip+NuQeoueVkEG.0;server=GENERAL01000022;cloudType=Consumer;environment=Prod_EastUS2_000e;migrationStage=NotStarted}
{"logTime": "1125/193440", "correlationVector":"7HtJOv6aIZPeSCe0JdJHji","action":"Commit Request", "result":"", "context":Item count: 1
Contributing types: Sessions}
{"logTime": "1125/193440", "correlationVector":"7HtJOv6aIZPeSCe0JdJHji.1","action":"SyncServerConnectionManagerRequest", "result":"SYNC_SERVER_OK", "context":{"environment":"Prod_EastUS2_000e", "migrationStage":"NotStarted", "server":"GENERAL01000003"}}
{"logTime": "1125/193440", "correlationVector":"7HtJOv6aIZPeSCe0JdJHji.2","action":"Commit Response", "result":"Success", "context":Result: Success. cV=7HtJOv6aIZPeSCe0JdJHji.0;server=GENERAL01000003;cloudType=Consumer;environment=Prod_EastUS2_000e;migrationStage=NotStarted}
{"logTime": "1125/193717", "correlationVector":"I0A5LgL9OaQOmE5+Vp/ia0","action":"Commit Request", "result":"", "context":Item count: 1
Contributing types: Sessions}
{"logTime": "1125/193718", "correlationVector":"I0A5LgL9OaQOmE5+Vp/ia0.1","action":"SyncServerConnectionManagerRequest", "result":"SYNC_SERVER_OK", "context":{"environment":"Prod_EastUS2_000e", "migrationStage":"NotStarted", "server":"GENERAL0100000X"}}
{"logTime": "1125/193718", "correlationVector":"I0A5LgL9OaQOmE5+Vp/ia0.2","action":"Commit Response", "result":"Success", "context":Result: Success. cV=I0A5LgL9OaQOmE5+Vp/ia0.0;server=GENERAL0100000X;cloudType=Consumer;environment=Prod_EastUS2_000e;migrationStage=NotStarted}
{"logTime": "1125/193808", "correlationVector":"iiE1dgoBkAWt+/+Tt4yf26","action":"Commit Request", "result":"", "context":Item count: 1
Contributing types: Sessions}
{"logTime": "1125/193808", "correlationVector":"iiE1dgoBkAWt+/+Tt4yf26.1","action":"SyncServerConnectionManagerRequest", "result":"SYNC_SERVER_OK", "context":{"environment":"Prod_EastUS2_000e", "migrationStage":"NotStarted", "server":"GENERAL0100002V"}}
{"logTime": "1125/193808", "correlationVector":"iiE1dgoBkAWt+/+Tt4yf26.2","action":"Commit Response", "result":"Success", "context":Result: Success. cV=iiE1dgoBkAWt+/+Tt4yf26.0;server=GENERAL0100002V;cloudType=Consumer;environment=Prod_EastUS2_000e;migrationStage=NotStarted}
{"logTime": "1125/193839", "correlationVector":"ALE+AY3QCuYPtBULdunGMb","action":"Commit Request", "result":"", "context":Item count: 1
Contributing types: Sessions}
{"logTime": "1125/193840", "correlationVector":"ALE+AY3QCuYPtBULdunGMb.1","action":"SyncServerConnectionManagerRequest", "result":"SYNC_SERVER_OK", "context":{"environment":"Prod_EastUS2_000e", "migrationStage":"NotStarted", "server":"GENERAL01000024"}}
{"logTime": "1125/193840", "correlationVector":"ALE+AY3QCuYPtBULdunGMb.2","action":"Commit Response", "result":"Success", "context":Result: Success. cV=ALE+AY3QCuYPtBULdunGMb.0;server=GENERAL01000024;cloudType=Consumer;environment=Prod_EastUS2_000e;migrationStage=NotStarted}
{"logTime": "1125/193912", "correlationVector":"isTQyaWmURpz9Z1iNIjKzi","action":"Commit Request", "result":"", "context":Item count: 2
Contributing types: Sessions}
{"logTime": "1125/193912", "correlationVector":"isTQyaWmURpz9Z1iNIjKzi.1","action":"SyncServerConnectionManagerRequest", "result":"SYNC_SERVER_OK", "context":{"environment":"Prod_EastUS2_000e", "migrationStage":"NotStarted", "server":"GENERAL0100001R"}}
{"logTime": "1125/193912", "correlationVector":"isTQyaWmURpz9Z1iNIjKzi.2","action":"Commit Response", "result":"Success", "context":Result: Success. cV=isTQyaWmURpz9Z1iNIjKzi.0;server=GENERAL0100001R;cloudType=Consumer;environment=Prod_EastUS2_000e;migrationStage=NotStarted}
{"logTime": "1125/193929", "correlationVector":"/W3SIpTk6mVnCj/snRltKR","action":"Commit Request", "result":"", "context":Item count: 1
Contributing types: Autofill}
{"logTime": "1125/193930", "correlationVector":"/W3SIpTk6mVnCj/snRltKR.1","action":"SyncServerConnectionManagerRequest", "result":"SYNC_SERVER_OK", "context":{"environment":"Prod_EastUS2_000e", "migrationStage":"NotStarted", "server":"GENERAL0100001R"}}
{"logTime": "1125/193930", "correlationVector":"/W3SIpTk6mVnCj/snRltKR.2","action":"Commit Response", "result":"Success", "context":Result: Success. cV=/W3SIpTk6mVnCj/snRltKR.0;server=GENERAL0100001R;cloudType=Consumer;environment=Prod_EastUS2_000e;migrationStage=NotStarted}
{"logTime": "1125/194011", "correlationVector":"XVu2wUAdy289FOTygBM5Y+","action":"Commit Request", "result":"", "context":Item count: 1
Contributing types: Sessions}
{"logTime": "1125/194011", "correlationVector":"XVu2wUAdy289FOTygBM5Y+.1","action":"SyncServerConnectionManagerRequest", "result":"SYNC_SERVER_OK", "context":{"environment":"Prod_EastUS2_000e", "migrationStage":"NotStarted", "server":"GENERAL0100000G"}}
{"logTime": "1125/194011", "correlationVector":"XVu2wUAdy289FOTygBM5Y+.2","action":"Commit Response", "result":"Success", "context":Result: Success. cV=XVu2wUAdy289FOTygBM5Y+.0;server=GENERAL0100000G;cloudType=Consumer;environment=Prod_EastUS2_000e;migrationStage=NotStarted}
{"logTime": "1125/194058", "correlationVector":"JetkXCxA++I7WdUBczYBEt","action":"Commit Request", "result":"", "context":Item count: 1
Contributing types: Autofill}
{"logTime": "1125/194059", "correlationVector":"JetkXCxA++I7WdUBczYBEt.1","action":"SyncServerConnectionManagerRequest", "result":"SYNC_SERVER_OK", "context":{"environment":"Prod_EastUS2_000e", "migrationStage":"NotStarted", "server":"GENERAL0100002B"}}
{"logTime": "1125/194059", "correlationVector":"JetkXCxA++I7WdUBczYBEt.2","action":"Commit Response", "result":"Success", "context":Result: Success. cV=JetkXCxA++I7WdUBczYBEt.0;server=GENERAL0100002B;cloudType=Consumer;environment=Prod_EastUS2_000e;migrationStage=NotStarted}
{"logTime": "1125/194214", "correlationVector":"bgbVb4xiTkykQY0LZLX/17","action":"Commit Request", "result":"", "context":Item count: 1
Contributing types: Sessions}
{"logTime": "1125/194214", "correlationVector":"bgbVb4xiTkykQY0LZLX/17.1","action":"SyncServerConnectionManagerRequest", "result":"SYNC_SERVER_OK", "context":{"environment":"Prod_EastUS2_000e", "migrationStage":"NotStarted", "server":"general0100002F"}}
{"logTime": "1125/194214", "correlationVector":"bgbVb4xiTkykQY0LZLX/17.2","action":"Commit Response", "result":"Success", "context":Result: Success. cV=bgbVb4xiTkykQY0LZLX/17.0;server=general0100002F;cloudType=Consumer;environment=Prod_EastUS2_000e;migrationStage=NotStarted}
{"logTime": "1125/194223", "correlationVector":"9zLVppIe9uPeauvZHgPtnT","action":"Commit Request", "result":"", "context":Item count: 1
Contributing types: Autofill}
{"logTime": "1125/194236", "correlationVector":"9zLVppIe9uPeauvZHgPtnT.1","action":"SyncServerConnectionManagerRequest", "result":"SYNC_SERVER_OK", "context":{"environment":"Prod_EastUS2_000e", "migrationStage":"NotStarted", "server":"GENERAL01000020"}}
{"logTime": "1125/194236", "correlationVector":"9zLVppIe9uPeauvZHgPtnT.2","action":"Commit Response", "result":"Success", "context":Result: Success. cV=9zLVppIe9uPeauvZHgPtnT.0;server=GENERAL01000020;cloudType=Consumer;environment=Prod_EastUS2_000e;migrationStage=NotStarted}
{"logTime": "1125/194325", "correlationVector":"i/NxJjckOnFN+eWa/L4FYh","action":"Commit Request", "result":"", "context":Item count: 1
Contributing types: Autofill}
{"logTime": "1125/194326", "correlationVector":"i/NxJjckOnFN+eWa/L4FYh.1","action":"SyncServerConnectionManagerRequest", "result":"SYNC_SERVER_OK", "context":{"environment":"Prod_EastUS2_000e", "migrationStage":"NotStarted", "server":"GENERAL0100001R"}}
{"logTime": "1125/194326", "correlationVector":"i/NxJjckOnFN+eWa/L4FYh.2","action":"Commit Response", "result":"Success", "context":Result: Success. cV=i/NxJjckOnFN+eWa/L4FYh.0;server=GENERAL0100001R;cloudType=Consumer;environment=Prod_EastUS2_000e;migrationStage=NotStarted}
{"logTime": "1125/194401", "correlationVector":"nbQYgIpWjxZ5dBioJy1e//","action":"Commit Request", "result":"", "context":Item count: 1
Contributing types: Sessions}
{"logTime": "1125/194402", "correlationVector":"nbQYgIpWjxZ5dBioJy1e//.1","action":"SyncServerConnectionManagerRequest", "result":"SYNC_SERVER_OK", "context":{"environment":"Prod_EastUS2_000e", "migrationStage":"NotStarted", "server":"GENERAL01000008"}}
{"logTime": "1125/194402", "correlationVector":"nbQYgIpWjxZ5dBioJy1e//.2","action":"Commit Response", "result":"Success", "context":Result: Success. cV=nbQYgIpWjxZ5dBioJy1e//.0;server=GENERAL01000008;cloudType=Consumer;environment=Prod_EastUS2_000e;migrationStage=NotStarted}
{"logTime": "1125/194433", "correlationVector":"YVHylMRXmw76wgGYIWI4TX","action":"Commit Request", "result":"", "context":Item count: 1
Contributing types: Sessions}
{"logTime": "1125/194434", "correlationVector":"YVHylMRXmw76wgGYIWI4TX.1","action":"SyncServerConnectionManagerRequest", "result":"SYNC_SERVER_OK", "context":{"environment":"Prod_EastUS_000w", "migrationStage":"NotStarted", "server":"GENERAL1100000W"}}
{"logTime": "1125/194434", "correlationVector":"YVHylMRXmw76wgGYIWI4TX.2","action":"Commit Response", "result":"Success", "context":Result: Success. cV=YVHylMRXmw76wgGYIWI4TX.0;server=GENERAL1100000W;cloudType=Consumer;environment=Prod_EastUS_000w;migrationStage=NotStarted}
{"logTime": "1125/194525", "correlationVector":"a15geJmyodnpIZ1uZbAnjK","action":"Commit Request", "result":"", "context":Item count: 2
Contributing types: Sessions}
{"logTime": "1125/194526", "correlationVector":"a15geJmyodnpIZ1uZbAnjK.1","action":"SyncServerConnectionManagerRequest", "result":"SYNC_SERVER_OK", "context":{"environment":"Prod_EastUS2_000e", "migrationStage":"NotStarted", "server":"GENERAL0100001F"}}
{"logTime": "1125/194526", "correlationVector":"a15geJmyodnpIZ1uZbAnjK.2","action":"Commit Response", "result":"Success", "context":Result: Success. cV=a15geJmyodnpIZ1uZbAnjK.0;server=GENERAL0100001F;cloudType=Consumer;environment=Prod_EastUS2_000e;migrationStage=NotStarted}
{"logTime": "1125/194615", "correlationVector":"Sc4dX8lbytfgAcWz62OZgS","action":"Commit Request", "result":"", "context":Item count: 2
Contributing types: Sessions}
{"logTime": "1125/194616", "correlationVector":"Sc4dX8lbytfgAcWz62OZgS.1","action":"SyncServerConnectionManagerRequest", "result":"SYNC_SERVER_OK", "context":{"environment":"Prod_EastUS2_000e", "migrationStage":"NotStarted", "server":"GENERAL0100001T"}}
{"logTime": "1125/194616", "correlationVector":"Sc4dX8lbytfgAcWz62OZgS.2","action":"Commit Response", "result":"Success", "context":Result: Success. cV=Sc4dX8lbytfgAcWz62OZgS.0;server=GENERAL0100001T;cloudType=Consumer;environment=Prod_EastUS2_000e;migrationStage=NotStarted}
{"logTime": "1125/194649", "correlationVector":"SEvRa+YIylp88BaxC9962o","action":"Commit Request", "result":"", "context":Item count: 5
Contributing types: Sessions}
{"logTime": "1125/194651", "correlationVector":"SEvRa+YIylp88BaxC9962o.1","action":"SyncServerConnectionManagerRequest", "result":"SYNC_SERVER_OK", "context":{"environment":"Prod_EastUS2_000e", "migrationStage":"NotStarted", "server":"GENERAL0100000C"}}
{"logTime": "1125/194651", "correlationVector":"SEvRa+YIylp88BaxC9962o.2","action":"Commit Response", "result":"Success", "context":Result: Success. cV=SEvRa+YIylp88BaxC9962o.0;server=GENERAL0100000C;cloudType=Consumer;environment=Prod_EastUS2_000e;migrationStage=NotStarted}
{"logTime": "1125/194722", "correlationVector":"HbG6dw1NnU6y2K6jvM/YrP","action":"Commit Request", "result":"", "context":Item count: 6
Contributing types: Sessions}
{"logTime": "1125/194722", "correlationVector":"HbG6dw1NnU6y2K6jvM/YrP.1","action":"SyncServerConnectionManagerRequest", "result":"SYNC_SERVER_OK", "context":{"environment":"Prod_EastUS2_000e", "migrationStage":"NotStarted", "server":"GENERAL0100002Q"}}
{"logTime": "1125/194722", "correlationVector":"HbG6dw1NnU6y2K6jvM/YrP.2","action":"Commit Response", "result":"Success", "context":Result: Success. cV=HbG6dw1NnU6y2K6jvM/YrP.0;server=GENERAL0100002Q;cloudType=Consumer;environment=Prod_EastUS2_000e;migrationStage=NotStarted}
{"logTime": "1125/194758", "correlationVector":"WFocITDN+tgFUN6sVJj/zI","action":"Commit Request", "result":"", "context":Item count: 5
Contributing types: Sessions}
{"logTime": "1125/194759", "correlationVector":"WFocITDN+tgFUN6sVJj/zI.1","action":"SyncServerConnectionManagerRequest", "result":"SYNC_SERVER_OK", "context":{"environment":"Prod_EastUS2_000e", "migrationStage":"NotStarted", "server":"GENERAL01000020"}}
{"logTime": "1125/194759", "correlationVector":"WFocITDN+tgFUN6sVJj/zI.2","action":"Commit Response", "result":"Success", "context":Result: Success. cV=WFocITDN+tgFUN6sVJj/zI.0;server=GENERAL01000020;cloudType=Consumer;environment=Prod_EastUS2_000e;migrationStage=NotStarted}
{"logTime": "1125/194830", "correlationVector":"oH4sHvamrRdGxzmXfHkvOS","action":"Commit Request", "result":"", "context":Item count: 7
Contributing types: Sessions}
{"logTime": "1125/194830", "correlationVector":"oH4sHvamrRdGxzmXfHkvOS.1","action":"SyncServerConnectionManagerRequest", "result":"SYNC_SERVER_OK", "context":{"environment":"Prod_EastUS2_000e", "migrationStage":"NotStarted", "server":"GENERAL0100000V"}}
{"logTime": "1125/194830", "correlationVector":"oH4sHvamrRdGxzmXfHkvOS.2","action":"Commit Response", "result":"Success", "context":Result: Success. cV=oH4sHvamrRdGxzmXfHkvOS.0;server=GENERAL0100000V;cloudType=Consumer;environment=Prod_EastUS2_000e;migrationStage=NotStarted}
{"logTime": "1125/194903", "correlationVector":"7ClHEcfKR+AquVxPuH4SUo","action":"Commit Request", "result":"", "context":Item count: 7
Contributing types: Sessions}
{"logTime": "1125/194904", "correlationVector":"7ClHEcfKR+AquVxPuH4SUo.1","action":"SyncServerConnectionManagerRequest", "result":"SYNC_SERVER_OK", "context":{"environment":"Prod_EastUS2_000e", "migrationStage":"NotStarted", "server":"GENERAL01000013"}}
{"logTime": "1125/194904", "correlationVector":"7ClHEcfKR+AquVxPuH4SUo.3","action":"Commit.Sessions", "result":"Success", "context":{"id":"c2e2a959-dd25-4424-9bfc-7c985e95e905", "isDeleted":"true", "size":"0", "version":"1732564110498"}}
{"logTime": "1125/194904", "correlationVector":"7ClHEcfKR+AquVxPuH4SUo.2","action":"Commit Response", "result":"Success", "context":Result: Success. cV=7ClHEcfKR+AquVxPuH4SUo.0;server=GENERAL01000013;cloudType=Consumer;environment=Prod_EastUS2_000e;migrationStage=NotStarted}
{"logTime": "1125/194934", "correlationVector":"VZjoDcXax0ym8z7fUUbjMx","action":"Commit Request", "result":"", "context":Item count: 5
Contributing types: Sessions}
{"logTime": "1125/194935", "correlationVector":"VZjoDcXax0ym8z7fUUbjMx.1","action":"SyncServerConnectionManagerRequest", "result":"SYNC_SERVER_OK", "context":{"environment":"Prod_EastUS2_000e", "migrationStage":"NotStarted", "server":"GENERAL01000019"}}
{"logTime": "1125/194935", "correlationVector":"VZjoDcXax0ym8z7fUUbjMx.3","action":"Commit.Sessions", "result":"Success", "context":{"id":"9d27b677-55a9-4bd3-a09e-e642b8050e75", "isDeleted":"true", "size":"0", "version":"1732564143931"}}
{"logTime": "1125/194935", "correlationVector":"VZjoDcXax0ym8z7fUUbjMx.4","action":"Commit.Sessions", "result":"Success", "context":{"id":"c4d3d064-7520-44af-9904-5861c75ad6ce", "isDeleted":"true", "size":"0", "version":"1732564143932"}}
{"logTime": "1125/194935", "correlationVector":"VZjoDcXax0ym8z7fUUbjMx.2","action":"Commit Response", "result":"Success", "context":Result: Success. cV=VZjoDcXax0ym8z7fUUbjMx.0;server=GENERAL01000019;cloudType=Consumer;environment=Prod_EastUS2_000e;migrationStage=NotStarted}
{"logTime": "1125/194935", "correlationVector":"VZjoDcXax0ym8z7fUUbjMx.5","action":"Commit.Sessions", "result":"Success", "context":{"id":"c65a5b7c-c97c-4c1e-b38f-c21f2c1fe8df", "isDeleted":"true", "size":"0", "version":"1732564143935"}}
{"logTime": "1125/195017", "correlationVector":"QPEWart85bPM44UQLTRN13","action":"Commit Request", "result":"", "context":Item count: 1
Contributing types: Sessions}
{"logTime": "1125/195017", "correlationVector":"QPEWart85bPM44UQLTRN13.1","action":"SyncServerConnectionManagerRequest", "result":"SYNC_SERVER_OK", "context":{"environment":"Prod_EastUS2_000e", "migrationStage":"NotStarted", "server":"GENERAL01000022"}}
{"logTime": "1125/195017", "correlationVector":"QPEWart85bPM44UQLTRN13.2","action":"Commit Response", "result":"Success", "context":Result: Success. cV=QPEWart85bPM44UQLTRN13.0;server=GENERAL01000022;cloudType=Consumer;environment=Prod_EastUS2_000e;migrationStage=NotStarted}
{"logTime": "1125/195201", "correlationVector":"H442w3MC8qBfGuMKh7UYwB","action":"Commit Request", "result":"", "context":Item count: 2
Contributing types: Sessions}
{"logTime": "1125/195202", "correlationVector":"H442w3MC8qBfGuMKh7UYwB.1","action":"SyncServerConnectionManagerRequest", "result":"SYNC_SERVER_OK", "context":{"environment":"Prod_EastUS2_000e", "migrationStage":"NotStarted", "server":"GENERAL0100000I"}}
{"logTime": "1125/195202", "correlationVector":"H442w3MC8qBfGuMKh7UYwB.2","action":"Commit Response", "result":"Success", "context":Result: Success. cV=H442w3MC8qBfGuMKh7UYwB.0;server=GENERAL0100000I;cloudType=Consumer;environment=Prod_EastUS2_000e;migrationStage=NotStarted}
{"logTime": "1125/195320", "correlationVector":"oR2s9iLZ3bMICix2Lb/zo4","action":"Commit Request", "result":"", "context":Item count: 1
Contributing types: Sessions}
{"logTime": "1125/195320", "correlationVector":"oR2s9iLZ3bMICix2Lb/zo4.1","action":"SyncServerConnectionManagerRequest", "result":"SYNC_SERVER_OK", "context":{"environment":"Prod_EastUS2_000e", "migrationStage":"NotStarted", "server":"GENERAL0100000M"}}
{"logTime": "1125/195320", "correlationVector":"oR2s9iLZ3bMICix2Lb/zo4.2","action":"Commit Response", "result":"Success", "context":Result: Success. cV=oR2s9iLZ3bMICix2Lb/zo4.0;server=GENERAL0100000M;cloudType=Consumer;environment=Prod_EastUS2_000e;migrationStage=NotStarted}
{"logTime": "1125/195513", "correlationVector":"YoelVQcKpxtobY0H3/3wl+.1","action":"SyncServerConnectionManagerRequest", "result":"SYNC_SERVER_OK", "context":{"environment":"Prod_EastUS2_000e", "migrationStage":"NotStarted", "server":"GENERAL0100000G"}}
{"logTime": "1125/195514", "correlationVector":"9ygTL3SbnSt+BrBIs9lfxH","action":"SyncServerConnectionManagerRequest", "result":"SYNC_SERVER_OK", "context":{"environment":"", "migrationStage":"", "server":""}}
{"logTime": "1125/195514", "correlationVector":"YoelVQcKpxtobY0H3/3wl+","action":"Initial GetUpdates", "result":"", "context":Reason: NEW_CLIENT. cV=YoelVQcKpxtobY0H3/3wl+}
{"logTime": "1125/195514", "correlationVector":"YoelVQcKpxtobY0H3/3wl+.2","action":"GetUpdates Response", "result":"Success", "context":Received 1 update(s). cV=YoelVQcKpxtobY0H3/3wl+.0;server=GENERAL0100000G;cloudType=Consumer;environment=Prod_EastUS2_000e;migrationStage=NotStarted}
{"logTime": "1125/195514", "correlationVector":"Rs+5qTrSOjll2simMI+ARX","action":"Initial GetUpdates", "result":"", "context":Reason: NEWLY_SUPPORTED_DATATYPE. cV=Rs+5qTrSOjll2simMI+ARX}
{"logTime": "1125/195515", "correlationVector":"Rs+5qTrSOjll2simMI+ARX.1","action":"SyncServerConnectionManagerRequest", "result":"SYNC_SERVER_OK", "context":{"environment":"Prod_EastUS2_000e", "migrationStage":"NotStarted", "server":"GENERAL0100000B"}}
{"logTime": "1125/195515", "correlationVector":"Rs+5qTrSOjll2simMI+ARX.2","action":"GetUpdates Response", "result":"Success", "context":Received 20 update(s). cV=Rs+5qTrSOjll2simMI+ARX.0;server=GENERAL0100000B;cloudType=Consumer;environment=Prod_EastUS2_000e;migrationStage=NotStarted}
{"logTime": "1125/195515", "correlationVector":"i881XEhC0psT12kldsO85C","action":"Normal GetUpdate request", "result":"", "context":cV=i881XEhC0psT12kldsO85C
Nudged types: Sessions, Device Info
Refresh requested types: Bookmarks, Preferences, Passwords, Autofill Profiles, Autofill, Typed URLs, Extensions, Sessions, Extension settings, History Delete Directives, Device Info, User Consents, Send Tab To Self, Web Apps, Collection, Edge E Drop, Edge Hub App Usage, Edge Tab Group, Edge Wallet, Encryption Keys}
{"logTime": "1125/195516", "correlationVector":"i881XEhC0psT12kldsO85C.1","action":"SyncServerConnectionManagerRequest", "result":"SYNC_SERVER_OK", "context":{"environment":"Prod_EastUS2_000e", "migrationStage":"NotStarted", "server":"GENERAL01000013"}}
{"logTime": "1125/195516", "correlationVector":"i881XEhC0psT12kldsO85C.2","action":"GetUpdates", "result":"DeleteReceived", "context":{"id":"a2d34ff7-9aed-4416-8510-6a52a6a33093", "isDeleted:":"true", "version":"1732562825509"}}
{"logTime": "1125/195516", "correlationVector":"i881XEhC0psT12kldsO85C.3","action":"GetUpdates", "result":"DeleteReceived", "context":{"id":"1e332de1-ea1d-431f-96ff-60971c5c9da3", "isDeleted:":"true", "version":"1732562858339"}}
{"logTime": "1125/195516", "correlationVector":"i881XEhC0psT12kldsO85C.4","action":"GetUpdates", "result":"DeleteReceived", "context":{"id":"a1d2b8c2-f87f-4b81-94c8-4390d49f8fc9", "isDeleted:":"true", "version":"1732563186490"}}
{"logTime": "1125/195516", "correlationVector":"i881XEhC0psT12kldsO85C.5","action":"GetUpdates", "result":"DeleteReceived", "context":{"id":"e462a119-f651-4eaf-ab85-b4d46e26b526", "isDeleted:":"true", "version":"1732563229044"}}
{"logTime": "1125/195516", "correlationVector":"i881XEhC0psT12kldsO85C.6","action":"GetUpdates", "result":"DeleteReceived", "context":{"id":"7070f4cf-a590-4ff9-b10b-ae097326812f", "isDeleted:":"true", "version":"1732563554185"}}
{"logTime": "1125/195516", "correlationVector":"i881XEhC0psT12kldsO85C.7","action":"GetUpdates", "result":"DeleteReceived", "context":{"id":"10d62940-a5ab-4f41-aeb6-87408b7fd8f0", "isDeleted:":"true", "version":"1732563660109"}}
{"logTime": "1125/195516", "correlationVector":"i881XEhC0psT12kldsO85C.8","action":"GetUpdates", "result":"DeleteReceived", "context":{"id":"6f9ac3cf-2695-45f5-a702-d340f9aab4fd", "isDeleted:":"true", "version":"1732563757919"}}
{"logTime": "1125/195516", "correlationVector":"i881XEhC0psT12kldsO85C.9","action":"GetUpdates", "result":"DeleteReceived", "context":{"id":"66ff621e-5459-4bd0-9091-c57502120861", "isDeleted:":"true", "version":"1732563807958"}}
{"logTime": "1125/195516", "correlationVector":"i881XEhC0psT12kldsO85C.10","action":"GetUpdates", "result":"DeleteReceived", "context":{"id":"6af209b3-edcc-40a1-a4b2-64b4857287f6", "isDeleted:":"true", "version":"1732564005434"}}
{"logTime": "1125/195516", "correlationVector":"i881XEhC0psT12kldsO85C.11","action":"GetUpdates", "result":"DeleteReceived", "context":{"id":"c2e2a959-dd25-4424-9bfc-7c985e95e905", "isDeleted:":"true", "version":"1732564143934"}}
{"logTime": "1125/195516", "correlationVector":"i881XEhC0psT12kldsO85C.12","action":"GetUpdates", "result":"DeleteReceived", "context":{"id":"9d27b677-55a9-4bd3-a09e-e642b8050e75", "isDeleted:":"true", "version":"1732564174728"}}
{"logTime": "1125/195516", "correlationVector":"i881XEhC0psT12kldsO85C.13","action":"GetUpdates", "result":"DeleteReceived", "context":{"id":"c4d3d064-7520-44af-9904-5861c75ad6ce", "isDeleted:":"true", "version":"1732564174729"}}
{"logTime": "1125/195516", "correlationVector":"i881XEhC0psT12kldsO85C.14","action":"GetUpdates", "result":"DeleteReceived", "context":{"id":"c65a5b7c-c97c-4c1e-b38f-c21f2c1fe8df", "isDeleted:":"true", "version":"1732564174731"}}
{"logTime": "1125/195516", "correlationVector":"i881XEhC0psT12kldsO85C.15","action":"GetUpdates", "result":"DeleteReceived", "context":{"id":"e2cbb9b3-4c05-4a88-80d3-b9453d5f8010", "isDeleted:":"true", "version":"1732564452905"}}
{"logTime": "1125/195516", "correlationVector":"i881XEhC0psT12kldsO85C.16","action":"GetUpdates Response", "result":"Success", "context":Received 25 update(s). cV=i881XEhC0psT12kldsO85C.0;server=GENERAL01000013;cloudType=Consumer;environment=Prod_EastUS2_000e;migrationStage=NotStarted}
{"logTime": "1125/195516", "correlationVector":"A8A4SIUe+d7KsO6wGKCYji","action":"Commit Request", "result":"", "context":Item count: 4
Contributing types: Sessions, Device Info}
{"logTime": "1125/195518", "correlationVector":"A8A4SIUe+d7KsO6wGKCYji.1","action":"SyncServerConnectionManagerRequest", "result":"SYNC_SERVER_OK", "context":{"environment":"Prod_EastUS2_000e", "migrationStage":"NotStarted", "server":"GENERAL0100001W"}}
{"logTime": "1125/195518", "correlationVector":"A8A4SIUe+d7KsO6wGKCYji.2","action":"Commit Response", "result":"Success", "context":Result: Success. cV=A8A4SIUe+d7KsO6wGKCYji.0;server=GENERAL0100001W;cloudType=Consumer;environment=Prod_EastUS2_000e;migrationStage=NotStarted}
{"logTime": "1125/195553", "correlationVector":"QhcE2Cn4K9O8jRgN6o5TVx","action":"Commit Request", "result":"", "context":Item count: 2
Contributing types: Sessions}
{"logTime": "1125/195553", "correlationVector":"QhcE2Cn4K9O8jRgN6o5TVx.1","action":"SyncServerConnectionManagerRequest", "result":"SYNC_SERVER_OK", "context":{"environment":"Prod_EastUS2_000e", "migrationStage":"NotStarted", "server":"GENERAL0100002K"}}
{"logTime": "1125/195553", "correlationVector":"QhcE2Cn4K9O8jRgN6o5TVx.3","action":"Commit.Sessions", "result":"Success", "context":{"id":"af970aae-2407-47fc-9a82-0a5f87d6516c", "isDeleted":"true", "size":"0", "version":"1732564516876"}}
{"logTime": "1125/195553", "correlationVector":"QhcE2Cn4K9O8jRgN6o5TVx.2","action":"Commit Response", "result":"Success", "context":Result: Success. cV=QhcE2Cn4K9O8jRgN6o5TVx.0;server=GENERAL0100002K;cloudType=Consumer;environment=Prod_EastUS2_000e;migrationStage=NotStarted}
{"logTime": "1125/195735", "correlationVector":"Ze7+LyBGf92MIiGNdCc1VL","action":"Commit Request", "result":"", "context":Item count: 1
Contributing types: Sessions}
{"logTime": "1125/195736", "correlationVector":"Ze7+LyBGf92MIiGNdCc1VL.1","action":"SyncServerConnectionManagerRequest", "result":"SYNC_SERVER_OK", "context":{"environment":"Prod_EastUS2_000e", "migrationStage":"NotStarted", "server":"GENERAL01000003"}}
{"logTime": "1125/195736", "correlationVector":"Ze7+LyBGf92MIiGNdCc1VL.2","action":"Commit Response", "result":"Success", "context":Result: Success. cV=Ze7+LyBGf92MIiGNdCc1VL.0;server=GENERAL01000003;cloudType=Consumer;environment=Prod_EastUS2_000e;migrationStage=NotStarted}
{"logTime": "1125/195829", "correlationVector":"gejwPx1Q0haKHEC0WnjTup","action":"Commit Request", "result":"", "context":Item count: 1
Contributing types: Sessions}
{"logTime": "1125/195829", "correlationVector":"gejwPx1Q0haKHEC0WnjTup.1","action":"SyncServerConnectionManagerRequest", "result":"SYNC_SERVER_OK", "context":{"environment":"Prod_EastUS2_000e", "migrationStage":"NotStarted", "server":"GENERAL0100000U"}}
{"logTime": "1125/195829", "correlationVector":"gejwPx1Q0haKHEC0WnjTup.2","action":"Commit Response", "result":"Success", "context":Result: Success. cV=gejwPx1Q0haKHEC0WnjTup.0;server=GENERAL0100000U;cloudType=Consumer;environment=Prod_EastUS2_000e;migrationStage=NotStarted}
{"logTime": "1125/195917", "correlationVector":"8Dl6CKj1QTccWCMz53FQko","action":"Commit Request", "result":"", "context":Item count: 4
Contributing types: Sessions}
{"logTime": "1125/195918", "correlationVector":"8Dl6CKj1QTccWCMz53FQko.1","action":"SyncServerConnectionManagerRequest", "result":"SYNC_SERVER_OK", "context":{"environment":"Prod_EastUS2_000e", "migrationStage":"NotStarted", "server":"GENERAL0100002W"}}
{"logTime": "1125/195918", "correlationVector":"8Dl6CKj1QTccWCMz53FQko.2","action":"Commit Response", "result":"Success", "context":Result: Success. cV=8Dl6CKj1QTccWCMz53FQko.0;server=GENERAL0100002W;cloudType=Consumer;environment=Prod_EastUS2_000e;migrationStage=NotStarted}
{"logTime": "1125/195948", "correlationVector":"8VxlurfG8ahGyw8H+EmH9A","action":"Commit Request", "result":"", "context":Item count: 3
Contributing types: Sessions}
{"logTime": "1125/195949", "correlationVector":"8VxlurfG8ahGyw8H+EmH9A.1","action":"SyncServerConnectionManagerRequest", "result":"SYNC_SERVER_OK", "context":{"environment":"Prod_EastUS2_000e", "migrationStage":"NotStarted", "server":"GENERAL0100002K"}}
{"logTime": "1125/195949", "correlationVector":"8VxlurfG8ahGyw8H+EmH9A.3","action":"Commit.Sessions", "result":"Success", "context":{"id":"7bac9ff0-4f23-4cdc-aab0-e5562084269a", "isDeleted":"true", "size":"0", "version":"1732564758366"}}
{"logTime": "1125/195949", "correlationVector":"8VxlurfG8ahGyw8H+EmH9A.2","action":"Commit Response", "result":"Success", "context":Result: Success. cV=8VxlurfG8ahGyw8H+EmH9A.0;server=GENERAL0100002K;cloudType=Consumer;environment=Prod_EastUS2_000e;migrationStage=NotStarted}
{"logTime": "1125/195959", "correlationVector":"3uLcZxCh9sSNQwnVXe5W4I","action":"Commit Request", "result":"", "context":Item count: 2
Contributing types: Autofill, Sessions}
{"logTime": "1125/200000", "correlationVector":"3uLcZxCh9sSNQwnVXe5W4I.1","action":"SyncServerConnectionManagerRequest", "result":"SYNC_SERVER_OK", "context":{"environment":"Prod_EastUS2_000e", "migrationStage":"NotStarted", "server":"GENERAL01000005"}}
{"logTime": "1125/200000", "correlationVector":"3uLcZxCh9sSNQwnVXe5W4I.2","action":"Commit Response", "result":"Success", "context":Result: Success. cV=3uLcZxCh9sSNQwnVXe5W4I.0;server=GENERAL01000005;cloudType=Consumer;environment=Prod_EastUS2_000e;migrationStage=NotStarted}
{"logTime": "1125/200003", "correlationVector":"05QHVDel/nLZ1NRGIVjYi+","action":"Normal GetUpdate request", "result":"", "context":cV=05QHVDel/nLZ1NRGIVjYi+
Nudged types: Sessions
Refresh requested types: Bookmarks, Preferences, Passwords, Autofill Profiles, Autofill, Typed URLs, Extensions, Sessions, Extension settings, History Delete Directives, Device Info, User Consents, Send Tab To Self, Web Apps, Collection, Edge E Drop, Edge Hub App Usage, Edge Tab Group, Edge Wallet, Encryption Keys}
{"logTime": "1125/200004", "correlationVector":"05QHVDel/nLZ1NRGIVjYi+.1","action":"SyncServerConnectionManagerRequest", "result":"SYNC_SERVER_OK", "context":{"environment":"Prod_EastUS2_000e", "migrationStage":"NotStarted", "server":"GENERAL0100001N"}}
{"logTime": "1125/200004", "correlationVector":"05QHVDel/nLZ1NRGIVjYi+.2","action":"GetUpdates", "result":"DeleteReceived", "context":{"id":"af970aae-2407-47fc-9a82-0a5f87d6516c", "isDeleted:":"true", "version":"1732564553662"}}
{"logTime": "1125/200004", "correlationVector":"05QHVDel/nLZ1NRGIVjYi+.3","action":"GetUpdates", "result":"DeleteReceived", "context":{"id":"5637f7e2-9317-40e8-8216-d801e576fd62", "isDeleted:":"true", "version":"1732564770130"}}
{"logTime": "1125/200004", "correlationVector":"05QHVDel/nLZ1NRGIVjYi+.4","action":"GetUpdates", "result":"DeleteReceived", "context":{"id":"7bac9ff0-4f23-4cdc-aab0-e5562084269a", "isDeleted:":"true", "version":"1732564789082"}}
{"logTime": "1125/200004", "correlationVector":"05QHVDel/nLZ1NRGIVjYi+.5","action":"GetUpdates Response", "result":"Success", "context":Received 8 update(s). cV=05QHVDel/nLZ1NRGIVjYi+.0;server=GENERAL0100001N;cloudType=Consumer;environment=Prod_EastUS2_000e;migrationStage=NotStarted}
{"logTime": "1125/200004", "correlationVector":"CLXO7zLvPCenKtmnfPuKX4","action":"Commit Request", "result":"", "context":Item count: 1
Contributing types: Sessions}
{"logTime": "1125/200004", "correlationVector":"CLXO7zLvPCenKtmnfPuKX4.1","action":"SyncServerConnectionManagerRequest", "result":"SYNC_SERVER_OK", "context":{"environment":"Prod_EastUS2_000e", "migrationStage":"NotStarted", "server":"GENERAL01000022"}}
{"logTime": "1125/200004", "correlationVector":"CLXO7zLvPCenKtmnfPuKX4.2","action":"Commit Response", "result":"Success", "context":Result: Success. cV=CLXO7zLvPCenKtmnfPuKX4.0;server=GENERAL01000022;cloudType=Consumer;environment=Prod_EastUS2_000e;migrationStage=NotStarted}
{"logTime": "1125/200034", "correlationVector":"kpLiOONFNp/lJDS41cXZcH","action":"Commit Request", "result":"", "context":Item count: 2
Contributing types: Sessions}
{"logTime": "1125/200035", "correlationVector":"kpLiOONFNp/lJDS41cXZcH.1","action":"SyncServerConnectionManagerRequest", "result":"SYNC_SERVER_OK", "context":{"environment":"Prod_EastUS2_000e", "migrationStage":"NotStarted", "server":"GENERAL0100002V"}}
{"logTime": "1125/200035", "correlationVector":"kpLiOONFNp/lJDS41cXZcH.2","action":"Commit Response", "result":"Success", "context":Result: Success. cV=kpLiOONFNp/lJDS41cXZcH.0;server=GENERAL0100002V;cloudType=Consumer;environment=Prod_EastUS2_000e;migrationStage=NotStarted}
{"logTime": "1125/200122", "correlationVector":"jlSzPKd2o/EEJOO/h2Q1xc","action":"Commit Request", "result":"", "context":Item count: 2
Contributing types: Sessions}
{"logTime": "1125/200122", "correlationVector":"jlSzPKd2o/EEJOO/h2Q1xc.1","action":"SyncServerConnectionManagerRequest", "result":"SYNC_SERVER_OK", "context":{"environment":"Prod_EastUS2_000e", "migrationStage":"NotStarted", "server":"GENERAL01000004"}}
{"logTime": "1125/200122", "correlationVector":"jlSzPKd2o/EEJOO/h2Q1xc.2","action":"Commit Response", "result":"Success", "context":Result: Success. cV=jlSzPKd2o/EEJOO/h2Q1xc.0;server=GENERAL01000004;cloudType=Consumer;environment=Prod_EastUS2_000e;migrationStage=NotStarted}
{"logTime": "1125/200154", "correlationVector":"weo0TkUey1SkzqsZkMpVTN","action":"Commit Request", "result":"", "context":Item count: 2
Contributing types: Sessions}
{"logTime": "1125/200155", "correlationVector":"weo0TkUey1SkzqsZkMpVTN.1","action":"SyncServerConnectionManagerRequest", "result":"SYNC_SERVER_OK", "context":{"environment":"Prod_EastUS2_000e", "migrationStage":"NotStarted", "server":"GENERAL01000022"}}
{"logTime": "1125/200155", "correlationVector":"weo0TkUey1SkzqsZkMpVTN.2","action":"Commit Response", "result":"Success", "context":Result: Success. cV=weo0TkUey1SkzqsZkMpVTN.0;server=GENERAL01000022;cloudType=Consumer;environment=Prod_EastUS2_000e;migrationStage=NotStarted}
{"logTime": "1125/200401", "correlationVector":"IKPVGFDJozUnABC1dg7ADx","action":"Commit Request", "result":"", "context":Item count: 1
Contributing types: Sessions}
{"logTime": "1125/200401", "correlationVector":"IKPVGFDJozUnABC1dg7ADx.1","action":"SyncServerConnectionManagerRequest", "result":"SYNC_SERVER_OK", "context":{"environment":"Prod_EastUS2_000e", "migrationStage":"NotStarted", "server":"GENERAL01000023"}}
{"logTime": "1125/200401", "correlationVector":"IKPVGFDJozUnABC1dg7ADx.2","action":"Commit Response", "result":"Success", "context":Result: Success. cV=IKPVGFDJozUnABC1dg7ADx.0;server=GENERAL01000023;cloudType=Consumer;environment=Prod_EastUS2_000e;migrationStage=NotStarted}
{"logTime": "1125/200448", "correlationVector":"8VmCIy50G1KoOCuXzjE+42","action":"Commit Request", "result":"", "context":Item count: 1
Contributing types: Sessions}
{"logTime": "1125/200448", "correlationVector":"8VmCIy50G1KoOCuXzjE+42.1","action":"SyncServerConnectionManagerRequest", "result":"SYNC_SERVER_OK", "context":{"environment":"Prod_EastUS2_000e", "migrationStage":"NotStarted", "server":"GENERAL0100000X"}}
{"logTime": "1125/200448", "correlationVector":"8VmCIy50G1KoOCuXzjE+42.2","action":"Commit Response", "result":"Success", "context":Result: Success. cV=8VmCIy50G1KoOCuXzjE+42.0;server=GENERAL0100000X;cloudType=Consumer;environment=Prod_EastUS2_000e;migrationStage=NotStarted}
{"logTime": "1125/200528", "correlationVector":"BsAgK8VLH6im6YM/DtHYOi","action":"Commit Request", "result":"", "context":Item count: 1
Contributing types: Sessions}
{"logTime": "1125/200529", "correlationVector":"BsAgK8VLH6im6YM/DtHYOi.1","action":"SyncServerConnectionManagerRequest", "result":"SYNC_SERVER_OK", "context":{"environment":"Prod_EastUS2_000e", "migrationStage":"NotStarted", "server":"GENERAL0100000H"}}
{"logTime": "1125/200529", "correlationVector":"BsAgK8VLH6im6YM/DtHYOi.2","action":"Commit Response", "result":"Success", "context":Result: Success. cV=BsAgK8VLH6im6YM/DtHYOi.0;server=GENERAL0100000H;cloudType=Consumer;environment=Prod_EastUS2_000e;migrationStage=NotStarted}
{"logTime": "1125/200815", "correlationVector":"w0cf9XQwhxfXswBR3NNRC2","action":"Commit Request", "result":"", "context":Item count: 1
Contributing types: Sessions}
{"logTime": "1125/200815", "correlationVector":"w0cf9XQwhxfXswBR3NNRC2.1","action":"SyncServerConnectionManagerRequest", "result":"SYNC_SERVER_OK", "context":{"environment":"Prod_EastUS2_000e", "migrationStage":"NotStarted", "server":"GENERAL01000006"}}
{"logTime": "1125/200815", "correlationVector":"w0cf9XQwhxfXswBR3NNRC2.2","action":"Commit Response", "result":"Success", "context":Result: Success. cV=w0cf9XQwhxfXswBR3NNRC2.0;server=GENERAL01000006;cloudType=Consumer;environment=Prod_EastUS2_000e;migrationStage=NotStarted}
{"logTime": "1125/200921", "correlationVector":"BCchaGuhjqTzwtsTewgqu2","action":"Commit Request", "result":"", "context":Item count: 1
Contributing types: Sessions}
{"logTime": "1125/200922", "correlationVector":"BCchaGuhjqTzwtsTewgqu2.1","action":"SyncServerConnectionManagerRequest", "result":"SYNC_SERVER_OK", "context":{"environment":"Prod_EastUS2_000e", "migrationStage":"NotStarted", "server":"GENERAL01000021"}}
{"logTime": "1125/200922", "correlationVector":"BCchaGuhjqTzwtsTewgqu2.2","action":"Commit Response", "result":"Success", "context":Result: Success. cV=BCchaGuhjqTzwtsTewgqu2.0;server=GENERAL01000021;cloudType=Consumer;environment=Prod_EastUS2_000e;migrationStage=NotStarted}
{"logTime": "1125/201442", "correlationVector":"ogif0myqau10V/G/brZwbY.1","action":"SyncServerConnectionManagerRequest", "result":"SYNC_SERVER_OK", "context":{"environment":"Prod_EastUS2_000e", "migrationStage":"NotStarted", "server":"GENERAL0100002V"}}
{"logTime": "1125/201444", "correlationVector":"2cy2rnzBbbQA1A/3c5QXb0","action":"SyncServerConnectionManagerRequest", "result":"SYNC_SERVER_OK", "context":{"environment":"", "migrationStage":"", "server":""}}
{"logTime": "1125/201444", "correlationVector":"ogif0myqau10V/G/brZwbY","action":"Initial GetUpdates", "result":"", "context":Reason: NEW_CLIENT. cV=ogif0myqau10V/G/brZwbY}
{"logTime": "1125/201444", "correlationVector":"ogif0myqau10V/G/brZwbY.2","action":"GetUpdates Response", "result":"Success", "context":Received 1 update(s). cV=ogif0myqau10V/G/brZwbY.0;server=GENERAL0100002V;cloudType=Consumer;environment=Prod_EastUS2_000e;migrationStage=NotStarted}
{"logTime": "1125/201444", "correlationVector":"yp1BwDlygzWmLaTKrY7g7j","action":"Initial GetUpdates", "result":"", "context":Reason: NEWLY_SUPPORTED_DATATYPE. cV=yp1BwDlygzWmLaTKrY7g7j}
{"logTime": "1125/201444", "correlationVector":"yp1BwDlygzWmLaTKrY7g7j.1","action":"SyncServerConnectionManagerRequest", "result":"SYNC_SERVER_OK", "context":{"environment":"Prod_EastUS2_000e", "migrationStage":"NotStarted", "server":"GENERAL0100001P"}}
{"logTime": "1125/201444", "correlationVector":"yp1BwDlygzWmLaTKrY7g7j.2","action":"GetUpdates Response", "result":"Success", "context":Received 20 update(s). cV=yp1BwDlygzWmLaTKrY7g7j.0;server=GENERAL0100001P;cloudType=Consumer;environment=Prod_EastUS2_000e;migrationStage=NotStarted}
{"logTime": "1125/201445", "correlationVector":"Rc8Yhstjps191y9mAO2Dq1","action":"Normal GetUpdate request", "result":"", "context":cV=Rc8Yhstjps191y9mAO2Dq1
Nudged types: Sessions, Device Info
Refresh requested types: Bookmarks, Preferences, Passwords, Autofill Profiles, Autofill, Typed URLs, Extensions, Sessions, Extension settings, History Delete Directives, Device Info, User Consents, Send Tab To Self, Web Apps, Collection, Edge E Drop, Edge Hub App Usage, Edge Tab Group, Edge Wallet, Encryption Keys}
{"logTime": "1125/201445", "correlationVector":"Rc8Yhstjps191y9mAO2Dq1.1","action":"SyncServerConnectionManagerRequest", "result":"SYNC_SERVER_OK", "context":{"environment":"Prod_EastUS2_000e", "migrationStage":"NotStarted", "server":"GENERAL0100000W"}}
{"logTime": "1125/201445", "correlationVector":"Rc8Yhstjps191y9mAO2Dq1.2","action":"GetUpdates", "result":"DeleteReceived", "context":{"id":"5d2e4403-5ea9-4a67-aa24-9a14181a1f0d", "isDeleted:":"true", "version":"1732565063402"}}
{"logTime": "1125/201445", "correlationVector":"Rc8Yhstjps191y9mAO2Dq1.3","action":"GetUpdates", "result":"DeleteReceived", "context":{"id":"bf93f9f7-2848-4987-a6ef-6fc40ca8d8d7", "isDeleted:":"true", "version":"1732565128117"}}
{"logTime": "1125/201445", "correlationVector":"Rc8Yhstjps191y9mAO2Dq1.4","action":"GetUpdates", "result":"DeleteReceived", "context":{"id":"9434dee7-5bcd-4648-849b-6cdd983b8585", "isDeleted:":"true", "version":"1732565292884"}}
{"logTime": "1125/201445", "correlationVector":"Rc8Yhstjps191y9mAO2Dq1.5","action":"GetUpdates Response", "result":"Success", "context":Received 6 update(s). cV=Rc8Yhstjps191y9mAO2Dq1.0;server=GENERAL0100000W;cloudType=Consumer;environment=Prod_EastUS2_000e;migrationStage=NotStarted}
{"logTime": "1125/201445", "correlationVector":"1jNkrMTfHcGGa6qkT7AgBE","action":"Commit Request", "result":"", "context":Item count: 5
Contributing types: Sessions, Device Info}
{"logTime": "1125/201446", "correlationVector":"1jNkrMTfHcGGa6qkT7AgBE.1","action":"SyncServerConnectionManagerRequest", "result":"SYNC_SERVER_OK", "context":{"environment":"Prod_EastUS2_000e", "migrationStage":"NotStarted", "server":"GENERAL0100002K"}}
{"logTime": "1125/201446", "correlationVector":"1jNkrMTfHcGGa6qkT7AgBE.2","action":"Commit Response", "result":"Success", "context":Result: Success. cV=1jNkrMTfHcGGa6qkT7AgBE.0;server=GENERAL0100002K;cloudType=Consumer;environment=Prod_EastUS2_000e;migrationStage=NotStarted}
{"logTime": "1125/201446", "correlationVector":"1jNkrMTfHcGGa6qkT7AgBE.3","action":"Commit.Sessions", "result":"Success", "context":{"id":"71afcb3b-efaf-4edf-b59c-50f1a5cea923", "isDeleted":"true", "size":"0", "version":"1732565295486"}}
{"logTime": "1125/201446", "correlationVector":"1jNkrMTfHcGGa6qkT7AgBE.4","action":"Commit.Sessions", "result":"Success", "context":{"id":"d6c6588b-adae-4320-a63b-4467574db1ec", "isDeleted":"true", "size":"0", "version":"1732565361863"}}
{"logTime": "1125/201521", "correlationVector":"LDY2eQ9ssB75tQuMYPlfd5","action":"Commit Request", "result":"", "context":Item count: 1
Contributing types: Sessions}
{"logTime": "1125/201522", "correlationVector":"LDY2eQ9ssB75tQuMYPlfd5.1","action":"SyncServerConnectionManagerRequest", "result":"SYNC_SERVER_OK", "context":{"environment":"Prod_EastUS_000w", "migrationStage":"NotStarted", "server":"GENERAL11000013"}}
{"logTime": "1125/201522", "correlationVector":"LDY2eQ9ssB75tQuMYPlfd5.2","action":"Commit Response", "result":"Success", "context":Result: Success. cV=LDY2eQ9ssB75tQuMYPlfd5.0;server=GENERAL11000013;cloudType=Consumer;environment=Prod_EastUS_000w;migrationStage=NotStarted}
{"logTime": "1125/201701", "correlationVector":"XMX9I7i7ClmCsqq0LKxWMY","action":"Commit Request", "result":"", "context":Item count: 1
Contributing types: Sessions}
{"logTime": "1125/201702", "correlationVector":"XMX9I7i7ClmCsqq0LKxWMY.1","action":"SyncServerConnectionManagerRequest", "result":"SYNC_SERVER_OK", "context":{"environment":"Prod_EastUS2_000e", "migrationStage":"NotStarted", "server":"GENERAL01000001"}}
{"logTime": "1125/201702", "correlationVector":"XMX9I7i7ClmCsqq0LKxWMY.2","action":"Commit Response", "result":"Success", "context":Result: Success. cV=XMX9I7i7ClmCsqq0LKxWMY.0;server=GENERAL01000001;cloudType=Consumer;environment=Prod_EastUS2_000e;migrationStage=NotStarted}
{"logTime": "1125/201729", "correlationVector":"oRFqOxQR1POjY8dQfHDC0O","action":"Commit Request", "result":"", "context":Item count: 8
Contributing types: Autofill Profiles, Typed URLs, Sessions}
{"logTime": "1125/201730", "correlationVector":"oRFqOxQR1POjY8dQfHDC0O.1","action":"SyncServerConnectionManagerRequest", "result":"SYNC_SERVER_OK", "context":{"environment":"Prod_EastUS2_000e", "migrationStage":"NotStarted", "server":"GENERAL0100002S"}}
{"logTime": "1125/201730", "correlationVector":"oRFqOxQR1POjY8dQfHDC0O.2","action":"Commit Response", "result":"Success", "context":Result: Success. cV=oRFqOxQR1POjY8dQfHDC0O.0;server=GENERAL0100002S;cloudType=Consumer;environment=Prod_EastUS2_000e;migrationStage=NotStarted}
{"logTime": "1125/201735", "correlationVector":"wvpC78qTmVEikVuPPu1vsR","action":"Commit Request", "result":"", "context":Item count: 2
Contributing types: Autofill, Sessions}
{"logTime": "1125/201736", "correlationVector":"wvpC78qTmVEikVuPPu1vsR.1","action":"SyncServerConnectionManagerRequest", "result":"SYNC_SERVER_OK", "context":{"environment":"Prod_EastUS2_000e", "migrationStage":"NotStarted", "server":"GENERAL0100000B"}}
{"logTime": "1125/201736", "correlationVector":"wvpC78qTmVEikVuPPu1vsR.2","action":"Commit Response", "result":"Success", "context":Result: Success. cV=wvpC78qTmVEikVuPPu1vsR.0;server=GENERAL0100000B;cloudType=Consumer;environment=Prod_EastUS2_000e;migrationStage=NotStarted}
{"logTime": "1125/201811", "correlationVector":"14SrsUgchSYreTZPonPGgk","action":"Commit Request", "result":"", "context":Item count: 2
Contributing types: Typed URLs, Sessions}
{"logTime": "1125/201812", "correlationVector":"14SrsUgchSYreTZPonPGgk.1","action":"SyncServerConnectionManagerRequest", "result":"SYNC_SERVER_OK", "context":{"environment":"Prod_EastUS2_000e", "migrationStage":"NotStarted", "server":"GENERAL0100001M"}}
{"logTime": "1125/201812", "correlationVector":"14SrsUgchSYreTZPonPGgk.2","action":"Commit Response", "result":"Success", "context":Result: Success. cV=14SrsUgchSYreTZPonPGgk.0;server=GENERAL0100001M;cloudType=Consumer;environment=Prod_EastUS2_000e;migrationStage=NotStarted}
{"logTime": "1125/201903", "correlationVector":"u46V0CWuNk1Y0kWXzn+/5x","action":"Commit Request", "result":"", "context":Item count: 1
Contributing types: Sessions}
{"logTime": "1125/201903", "correlationVector":"u46V0CWuNk1Y0kWXzn+/5x.1","action":"SyncServerConnectionManagerRequest", "result":"SYNC_SERVER_OK", "context":{"environment":"Prod_EastUS2_000e", "migrationStage":"NotStarted", "server":"GENERAL0100000L"}}
{"logTime": "1125/201903", "correlationVector":"u46V0CWuNk1Y0kWXzn+/5x.2","action":"Commit Response", "result":"Success", "context":Result: Success. cV=u46V0CWuNk1Y0kWXzn+/5x.0;server=GENERAL0100000L;cloudType=Consumer;environment=Prod_EastUS2_000e;migrationStage=NotStarted}
{"logTime": "1125/201930", "correlationVector":"gUSrghimiQcGMaBDs25pP1","action":"Normal GetUpdate request", "result":"", "context":cV=gUSrghimiQcGMaBDs25pP1
Nudged types: Sessions
Refresh requested types: Bookmarks, Preferences, Passwords, Autofill Profiles, Autofill, Typed URLs, Extensions, Sessions, Extension settings, History Delete Directives, Device Info, User Consents, Send Tab To Self, Web Apps, Collection, Edge E Drop, Edge Hub App Usage, Edge Tab Group, Edge Wallet, Encryption Keys}
{"logTime": "1125/201931", "correlationVector":"gUSrghimiQcGMaBDs25pP1.1","action":"SyncServerConnectionManagerRequest", "result":"SYNC_SERVER_OK", "context":{"environment":"Prod_EastUS2_000e", "migrationStage":"NotStarted", "server":"GENERAL01000020"}}
{"logTime": "1125/201931", "correlationVector":"gUSrghimiQcGMaBDs25pP1.2","action":"GetUpdates", "result":"DeleteReceived", "context":{"id":"71afcb3b-efaf-4edf-b59c-50f1a5cea923", "isDeleted:":"true", "version":"1732565686582"}}
{"logTime": "1125/201931", "correlationVector":"gUSrghimiQcGMaBDs25pP1.3","action":"GetUpdates", "result":"DeleteReceived", "context":{"id":"d6c6588b-adae-4320-a63b-4467574db1ec", "isDeleted:":"true", "version":"1732565686585"}}
{"logTime": "1125/201931", "correlationVector":"gUSrghimiQcGMaBDs25pP1.4","action":"GetUpdates", "result":"DeleteReceived", "context":{"id":"7fa9182e-0e05-4c8b-ad98-f7df2dc0b372", "isDeleted:":"true", "version":"1732565795398"}}
{"logTime": "1125/201931", "correlationVector":"gUSrghimiQcGMaBDs25pP1.5","action":"GetUpdates", "result":"DeleteReceived", "context":{"id":"bcd15da3-ff53-4975-91d7-09e01a4976ff", "isDeleted:":"true", "version":"1732565864265"}}
{"logTime": "1125/201931", "correlationVector":"gUSrghimiQcGMaBDs25pP1.6","action":"GetUpdates Response", "result":"Success", "context":Received 15 update(s). cV=gUSrghimiQcGMaBDs25pP1.0;server=GENERAL01000020;cloudType=Consumer;environment=Prod_EastUS2_000e;migrationStage=NotStarted}
{"logTime": "1125/201931", "correlationVector":"0oMdP1pyWxAyXj1XDPOqpG","action":"Commit Request", "result":"", "context":Item count: 1
Contributing types: Sessions}
{"logTime": "1125/201931", "correlationVector":"0oMdP1pyWxAyXj1XDPOqpG.1","action":"SyncServerConnectionManagerRequest", "result":"SYNC_SERVER_OK", "context":{"environment":"Prod_EastUS2_000e", "migrationStage":"NotStarted", "server":"GENERAL0100000W"}}
{"logTime": "1125/201931", "correlationVector":"0oMdP1pyWxAyXj1XDPOqpG.2","action":"Commit Response", "result":"Success", "context":Result: Success. cV=0oMdP1pyWxAyXj1XDPOqpG.0;server=GENERAL0100000W;cloudType=Consumer;environment=Prod_EastUS2_000e;migrationStage=NotStarted}
{"logTime": "1125/202001", "correlationVector":"aNnW3CKb4XK6eQUTesg6X1","action":"Commit Request", "result":"", "context":Item count: 1
Contributing types: Sessions}
{"logTime": "1125/202002", "correlationVector":"aNnW3CKb4XK6eQUTesg6X1.1","action":"SyncServerConnectionManagerRequest", "result":"SYNC_SERVER_OK", "context":{"environment":"Prod_EastUS2_000e", "migrationStage":"NotStarted", "server":"GENERAL0100002L"}}
{"logTime": "1125/202002", "correlationVector":"aNnW3CKb4XK6eQUTesg6X1.2","action":"Commit Response", "result":"Success", "context":Result: Success. cV=aNnW3CKb4XK6eQUTesg6X1.0;server=GENERAL0100002L;cloudType=Consumer;environment=Prod_EastUS2_000e;migrationStage=NotStarted}
{"logTime": "1125/202132", "correlationVector":"A4W3fZk345yZR7B30oA54J","action":"Commit Request", "result":"", "context":Item count: 2
Contributing types: Autofill, Sessions}
{"logTime": "1125/202133", "correlationVector":"A4W3fZk345yZR7B30oA54J.1","action":"SyncServerConnectionManagerRequest", "result":"SYNC_SERVER_OK", "context":{"environment":"Prod_EastUS2_000e", "migrationStage":"NotStarted", "server":"GENERAL0100000C"}}
{"logTime": "1125/202133", "correlationVector":"A4W3fZk345yZR7B30oA54J.2","action":"Commit Response", "result":"Success", "context":Result: Success. cV=A4W3fZk345yZR7B30oA54J.0;server=GENERAL0100000C;cloudType=Consumer;environment=Prod_EastUS2_000e;migrationStage=NotStarted}
{"logTime": "1125/202207", "correlationVector":"WTSnRQfbB8Yc0InV5/6l3/","action":"Commit Request", "result":"", "context":Item count: 2
Contributing types: Sessions}
{"logTime": "1125/202207", "correlationVector":"WTSnRQfbB8Yc0InV5/6l3/.1","action":"SyncServerConnectionManagerRequest", "result":"SYNC_SERVER_OK", "context":{"environment":"Prod_EastUS2_000e", "migrationStage":"NotStarted", "server":"GENERAL01000002"}}
{"logTime": "1125/202207", "correlationVector":"WTSnRQfbB8Yc0InV5/6l3/.2","action":"Commit Response", "result":"Success", "context":Result: Success. cV=WTSnRQfbB8Yc0InV5/6l3/.0;server=GENERAL01000002;cloudType=Consumer;environment=Prod_EastUS2_000e;migrationStage=NotStarted}
{"logTime": "1125/202256", "correlationVector":"gJoqGiL3VP+7Z1PdO+EH40","action":"Commit Request", "result":"", "context":Item count: 2
Contributing types: Sessions}
{"logTime": "1125/202257", "correlationVector":"gJoqGiL3VP+7Z1PdO+EH40.1","action":"SyncServerConnectionManagerRequest", "result":"SYNC_SERVER_OK", "context":{"environment":"Prod_EastUS2_000e", "migrationStage":"NotStarted", "server":"GENERAL01000023"}}
{"logTime": "1125/202257", "correlationVector":"gJoqGiL3VP+7Z1PdO+EH40.2","action":"Commit Response", "result":"Success", "context":Result: Success. cV=gJoqGiL3VP+7Z1PdO+EH40.0;server=GENERAL01000023;cloudType=Consumer;environment=Prod_EastUS2_000e;migrationStage=NotStarted}
{"logTime": "1125/202338", "correlationVector":"VDs+gIZkWxBwqVxKdhykE/","action":"Commit Request", "result":"", "context":Item count: 1
Contributing types: Sessions}
{"logTime": "1125/202339", "correlationVector":"VDs+gIZkWxBwqVxKdhykE/.1","action":"SyncServerConnectionManagerRequest", "result":"SYNC_SERVER_OK", "context":{"environment":"Prod_EastUS2_000e", "migrationStage":"NotStarted", "server":"GENERAL01000005"}}
{"logTime": "1125/202339", "correlationVector":"VDs+gIZkWxBwqVxKdhykE/.2","action":"Commit Response", "result":"Success", "context":Result: Success. cV=VDs+gIZkWxBwqVxKdhykE/.0;server=GENERAL01000005;cloudType=Consumer;environment=Prod_EastUS2_000e;migrationStage=NotStarted}
{"logTime": "1125/202457", "correlationVector":"34ZC0gCL7jtt+ZFWhawQ+8","action":"Commit Request", "result":"", "context":Item count: 1
Contributing types: Sessions}
{"logTime": "1125/202458", "correlationVector":"34ZC0gCL7jtt+ZFWhawQ+8.1","action":"SyncServerConnectionManagerRequest", "result":"SYNC_SERVER_OK", "context":{"environment":"Prod_EastUS2_000e", "migrationStage":"NotStarted", "server":"GENERAL0100000U"}}
{"logTime": "1125/202458", "correlationVector":"34ZC0gCL7jtt+ZFWhawQ+8.2","action":"Commit Response", "result":"Success", "context":Result: Success. cV=34ZC0gCL7jtt+ZFWhawQ+8.0;server=GENERAL0100000U;cloudType=Consumer;environment=Prod_EastUS2_000e;migrationStage=NotStarted}
{"logTime": "1125/202746", "correlationVector":"TiHpAKAD6pknQ4l60+7fy/","action":"Commit Request", "result":"", "context":Item count: 1
Contributing types: Sessions}
{"logTime": "1125/202749", "correlationVector":"TiHpAKAD6pknQ4l60+7fy/.1","action":"SyncServerConnectionManagerRequest", "result":"SYNC_SERVER_OK", "context":{"environment":"Prod_EastUS2_000e", "migrationStage":"NotStarted", "server":"GENERAL01000002"}}
{"logTime": "1125/202749", "correlationVector":"TiHpAKAD6pknQ4l60+7fy/.2","action":"Commit Response", "result":"Success", "context":Result: Success. cV=TiHpAKAD6pknQ4l60+7fy/.0;server=GENERAL01000002;cloudType=Consumer;environment=Prod_EastUS2_000e;migrationStage=NotStarted}
{"logTime": "1125/203030", "correlationVector":"NQw5Z9ANs2I+F46ho2OL/r","action":"Commit Request", "result":"", "context":Item count: 1
Contributing types: Sessions}
{"logTime": "1125/203031", "correlationVector":"NQw5Z9ANs2I+F46ho2OL/r.1","action":"SyncServerConnectionManagerRequest", "result":"SYNC_SERVER_OK", "context":{"environment":"Prod_EastUS2_000e", "migrationStage":"NotStarted", "server":"GENERAL01000004"}}
{"logTime": "1125/203031", "correlationVector":"NQw5Z9ANs2I+F46ho2OL/r.2","action":"Commit Response", "result":"Success", "context":Result: Success. cV=NQw5Z9ANs2I+F46ho2OL/r.0;server=GENERAL01000004;cloudType=Consumer;environment=Prod_EastUS2_000e;migrationStage=NotStarted}
{"logTime": "1125/203109", "correlationVector":"NGNf78bc0lcoCEsKpEL3yc","action":"Commit Request", "result":"", "context":Item count: 4
Contributing types: Sessions}
{"logTime": "1125/203109", "correlationVector":"NGNf78bc0lcoCEsKpEL3yc.1","action":"SyncServerConnectionManagerRequest", "result":"SYNC_SERVER_OK", "context":{"environment":"Prod_EastUS2_000e", "migrationStage":"NotStarted", "server":"GENERAL0100001T"}}
{"logTime": "1125/203109", "correlationVector":"NGNf78bc0lcoCEsKpEL3yc.2","action":"Commit Response", "result":"Success", "context":Result: Success. cV=NGNf78bc0lcoCEsKpEL3yc.0;server=GENERAL0100001T;cloudType=Consumer;environment=Prod_EastUS2_000e;migrationStage=NotStarted}
{"logTime": "1125/203141", "correlationVector":"AK2LzxUx8oCzX7S8VLigc+","action":"Commit Request", "result":"", "context":Item count: 1
Contributing types: Sessions}
{"logTime": "1125/203142", "correlationVector":"AK2LzxUx8oCzX7S8VLigc+.1","action":"SyncServerConnectionManagerRequest", "result":"SYNC_SERVER_OK", "context":{"environment":"Prod_EastUS2_000e", "migrationStage":"NotStarted", "server":"GENERAL0100000X"}}
{"logTime": "1125/203142", "correlationVector":"AK2LzxUx8oCzX7S8VLigc+.3","action":"Commit.Sessions", "result":"Success", "context":{"id":"a51b02bf-fb6e-4d5f-9ae6-ef32b5216692", "isDeleted":"true", "size":"0", "version":"1732566669657"}}
{"logTime": "1125/203142", "correlationVector":"AK2LzxUx8oCzX7S8VLigc+.2","action":"Commit Response", "result":"Success", "context":Result: Success. cV=AK2LzxUx8oCzX7S8VLigc+.0;server=GENERAL0100000X;cloudType=Consumer;environment=Prod_EastUS2_000e;migrationStage=NotStarted}
{"logTime": "1125/203240", "correlationVector":"X9jn7d+0UdbqhyBRvp+F6s","action":"Commit Request", "result":"", "context":Item count: 1
Contributing types: Sessions}
{"logTime": "1125/203241", "correlationVector":"X9jn7d+0UdbqhyBRvp+F6s.1","action":"SyncServerConnectionManagerRequest", "result":"SYNC_SERVER_OK", "context":{"environment":"Prod_EastUS2_000e", "migrationStage":"NotStarted", "server":"GENERAL0100000H"}}
{"logTime": "1125/203241", "correlationVector":"X9jn7d+0UdbqhyBRvp+F6s.2","action":"Commit Response", "result":"Success", "context":Result: Success. cV=X9jn7d+0UdbqhyBRvp+F6s.0;server=GENERAL0100000H;cloudType=Consumer;environment=Prod_EastUS2_000e;migrationStage=NotStarted}
{"logTime": "1125/203516", "correlationVector":"jcchX/AZvHMaMpQUrPqhhA","action":"Commit Request", "result":"", "context":Item count: 1
Contributing types: Sessions}
{"logTime": "1125/203516", "correlationVector":"jcchX/AZvHMaMpQUrPqhhA.1","action":"SyncServerConnectionManagerRequest", "result":"SYNC_SERVER_OK", "context":{"environment":"Prod_EastUS2_000e", "migrationStage":"NotStarted", "server":"GENERAL01000010"}}
{"logTime": "1125/203516", "correlationVector":"jcchX/AZvHMaMpQUrPqhhA.2","action":"Commit Response", "result":"Success", "context":Result: Success. cV=jcchX/AZvHMaMpQUrPqhhA.0;server=GENERAL01000010;cloudType=Consumer;environment=Prod_EastUS2_000e;migrationStage=NotStarted}
{"logTime": "1125/203629", "correlationVector":"8sgybfAg1+Tzq8HbK3ClYw","action":"Commit Request", "result":"", "context":Item count: 1
Contributing types: Sessions}
{"logTime": "1125/203629", "correlationVector":"8sgybfAg1+Tzq8HbK3ClYw.1","action":"SyncServerConnectionManagerRequest", "result":"SYNC_SERVER_OK", "context":{"environment":"Prod_EastUS2_000e", "migrationStage":"NotStarted", "server":"GENERAL0100002S"}}
{"logTime": "1125/203629", "correlationVector":"8sgybfAg1+Tzq8HbK3ClYw.2","action":"Commit Response", "result":"Success", "context":Result: Success. cV=8sgybfAg1+Tzq8HbK3ClYw.0;server=GENERAL0100002S;cloudType=Consumer;environment=Prod_EastUS2_000e;migrationStage=NotStarted}
